---------------------------------------------------------------
[ 2019-04-01T09:24:17+08:00 ] 192.168.1.107 GET test.lotgame.com/admin
[运行时间：2.796160s] [吞吐率：0.36req/s] [内存消耗：3,140.51kb] [文件加载：53]
[ info ] [ LANG ] D:\mywork\lotgame\thinkphp\lang\zh-cn.php
[ info ] [ ROUTE ] array (
  'type' => 'module',
  'module' => 
  array (
    0 => 'admin',
    1 => NULL,
    2 => NULL,
  ),
)
[ info ] [ HEADER ] array (
  'host' => 'test.lotgame.com',
  'connection' => 'keep-alive',
  'upgrade-insecure-requests' => '1',
  'user-agent' => 'Mozilla/5.0 (Windows NT 6.1; Win64; x64) AppleWebKit/537.36 (KHTML, like Gecko) Chrome/68.0.3440.106 Safari/537.36',
  'accept' => 'text/html,application/xhtml+xml,application/xml;q=0.9,image/webp,image/apng,*/*;q=0.8',
  'accept-encoding' => 'gzip, deflate',
  'accept-language' => 'zh-CN,zh;q=0.9,en;q=0.8',
)
[ info ] [ PARAM ] array (
)
[ info ] [ DB ] INIT mysql
[ info ] [ SESSION ] INIT array (
  'id' => '',
  'var_session_id' => '',
  'prefix' => 'think',
  'use_trans_sid' => 1,
  'path' => 'D:\\mywork\\lotgame\\public./../runtime/session/',
  'type' => '',
  'auto_start' => true,
)
[ info ] [ LOG ] INIT File
[ sql ] [ DB ] CONNECT:[ UseTime:0.044002s ] mysql:host=127.0.0.1;port=3306;dbname=tplay;charset=utf8
[ sql ] [ SQL ] SHOW COLUMNS FROM `hov_webconfig` [ RunTime:0.228013s ]
[ sql ] [ SQL ] SELECT `black_ip` FROM `hov_webconfig` WHERE  `id` = 101 LIMIT 1 [ RunTime:0.002000s ]
---------------------------------------------------------------
[ 2019-04-01T09:24:17+08:00 ] 192.168.1.107 GET test.lotgame.com/admin/common/login.shtml
[运行时间：0.146008s] [吞吐率：6.85req/s] [内存消耗：2,265.41kb] [文件加载：45]
[ info ] [ LANG ] D:\mywork\lotgame\thinkphp\lang\zh-cn.php
[ info ] [ ROUTE ] array (
  'type' => 'module',
  'module' => 
  array (
    0 => 'admin',
    1 => 'common',
    2 => 'login',
  ),
)
[ info ] [ HEADER ] array (
  'host' => 'test.lotgame.com',
  'connection' => 'keep-alive',
  'upgrade-insecure-requests' => '1',
  'user-agent' => 'Mozilla/5.0 (Windows NT 6.1; Win64; x64) AppleWebKit/537.36 (KHTML, like Gecko) Chrome/68.0.3440.106 Safari/537.36',
  'accept' => 'text/html,application/xhtml+xml,application/xml;q=0.9,image/webp,image/apng,*/*;q=0.8',
  'accept-encoding' => 'gzip, deflate',
  'accept-language' => 'zh-CN,zh;q=0.9,en;q=0.8',
  'cookie' => 'PHPSESSID=6g1jptb0c504in079p9loel4s7',
)
[ info ] [ PARAM ] array (
)
[ info ] [ RUN ] app\admin\controller\Common->login[ D:\mywork\lotgame\app\admin\controller\Common.php ]
[ info ] [ SESSION ] INIT array (
  'id' => '',
  'var_session_id' => '',
  'prefix' => 'think',
  'use_trans_sid' => 1,
  'path' => 'D:\\mywork\\lotgame\\public./../runtime/session/',
  'type' => '',
  'auto_start' => true,
)
[ info ] [ VIEW ] D:\mywork\lotgame\public/../app/admin\view\common\login.html [ array (
) ]
[ info ] [ LOG ] INIT File
---------------------------------------------------------------
[ 2019-04-01T09:24:19+08:00 ] 192.168.1.107 GET test.lotgame.com/captcha.shtml
[运行时间：1.018058s] [吞吐率：0.98req/s] [内存消耗：1,846.19kb] [文件加载：35]
[ info ] [ LANG ] D:\mywork\lotgame\thinkphp\lang\zh-cn.php
[ info ] [ ROUTE ] array (
  'type' => 'method',
  'method' => 
  array (
    0 => '\\think\\captcha\\CaptchaController',
    1 => 'index',
  ),
  'var' => 
  array (
  ),
)
[ info ] [ HEADER ] array (
  'host' => 'test.lotgame.com',
  'connection' => 'keep-alive',
  'user-agent' => 'Mozilla/5.0 (Windows NT 6.1; Win64; x64) AppleWebKit/537.36 (KHTML, like Gecko) Chrome/68.0.3440.106 Safari/537.36',
  'accept' => 'image/webp,image/apng,image/*,*/*;q=0.8',
  'referer' => 'http://test.lotgame.com/admin/common/login.shtml',
  'accept-encoding' => 'gzip, deflate',
  'accept-language' => 'zh-CN,zh;q=0.9,en;q=0.8',
  'cookie' => 'PHPSESSID=6g1jptb0c504in079p9loel4s7',
)
[ info ] [ PARAM ] array (
  'id' => '',
)
[ info ] [ RUN ] think\captcha\CaptchaController->index[ D:\mywork\lotgame\vendor\topthink\think-captcha\src\CaptchaController.php ]
[ info ] [ SESSION ] INIT array (
  'id' => '',
  'var_session_id' => '',
  'prefix' => 'think',
  'use_trans_sid' => 1,
  'path' => 'D:\\mywork\\lotgame\\public./../runtime/session/',
  'type' => '',
  'auto_start' => true,
)
[ info ] [ LOG ] INIT File
---------------------------------------------------------------
[ 2019-04-01T09:24:20+08:00 ] 192.168.1.107 GET test.lotgame.com/
[运行时间：0.910052s] [吞吐率：1.10req/s] [内存消耗：3,635.15kb] [文件加载：53]
[ info ] [ LANG ] D:\mywork\lotgame\thinkphp\lang\zh-cn.php
[ info ] [ ROUTE ] array (
  'type' => 'module',
  'module' => 
  array (
    0 => 'front',
    1 => 'index',
    2 => 'index',
  ),
  'convert' => false,
)
[ info ] [ HEADER ] array (
  'host' => 'test.lotgame.com',
  'connection' => 'keep-alive',
  'upgrade-insecure-requests' => '1',
  'user-agent' => 'Mozilla/5.0 (Windows NT 6.1; Win64; x64) AppleWebKit/537.36 (KHTML, like Gecko) Chrome/68.0.3440.106 Safari/537.36',
  'accept' => 'text/html,application/xhtml+xml,application/xml;q=0.9,image/webp,image/apng,*/*;q=0.8',
  'accept-encoding' => 'gzip, deflate',
  'accept-language' => 'zh-CN,zh;q=0.9,en;q=0.8',
  'cookie' => 'PHPSESSID=6g1jptb0c504in079p9loel4s7',
)
[ info ] [ PARAM ] array (
)
[ info ] [ DB ] INIT mysql
[ info ] [ RUN ] app\front\controller\Index->index[ D:\mywork\lotgame\app\front\controller\Index.php ]
[ info ] [ VIEW ] D:\mywork\lotgame\public/../app/front\view\index\index.html [ array (
  0 => 'controller',
  1 => 'boards',
  2 => 'title',
) ]
[ info ] [ LOG ] INIT File
[ sql ] [ DB ] CONNECT:[ UseTime:0.001000s ] mysql:host=127.0.0.1;port=3306;dbname=tplay;charset=utf8
[ sql ] [ SQL ] SHOW COLUMNS FROM `hov_board` [ RunTime:0.279016s ]
[ sql ] [ SQL ] SELECT * FROM `hov_board` LIMIT 5 [ RunTime:0.003000s ]
---------------------------------------------------------------
[ 2019-04-01T09:24:21+08:00 ] 192.168.1.107 GET test.lotgame.com/class/geetest/web/StartCaptchaServlet.php?t=1554081861682
[运行时间：0.192011s] [吞吐率：5.21req/s] [内存消耗：1,788.29kb] [文件加载：36]
[ info ] [ LANG ] D:\mywork\lotgame\thinkphp\lang\zh-cn.php
[ info ] [ ROUTE ] array (
  'type' => 'module',
  'module' => 
  array (
    0 => 'class',
    1 => 'geetest',
    2 => 'web',
  ),
)
[ info ] [ HEADER ] array (
  'host' => 'test.lotgame.com',
  'connection' => 'keep-alive',
  'accept' => 'application/json, text/javascript, */*; q=0.01',
  'x-requested-with' => 'XMLHttpRequest',
  'user-agent' => 'Mozilla/5.0 (Windows NT 6.1; Win64; x64) AppleWebKit/537.36 (KHTML, like Gecko) Chrome/68.0.3440.106 Safari/537.36',
  'referer' => 'http://test.lotgame.com/',
  'accept-encoding' => 'gzip, deflate',
  'accept-language' => 'zh-CN,zh;q=0.9,en;q=0.8',
  'cookie' => 'PHPSESSID=6g1jptb0c504in079p9loel4s7',
)
[ info ] [ PARAM ] array (
  't' => '1554081861682',
)
[ info ] [ LOG ] INIT File
---------------------------------------------------------------
[ 2019-04-01T09:24:22+08:00 ] 192.168.1.107 GET test.lotgame.com/
[运行时间：0.136008s] [吞吐率：7.35req/s] [内存消耗：3,420.98kb] [文件加载：52]
[ info ] [ LANG ] D:\mywork\lotgame\thinkphp\lang\zh-cn.php
[ info ] [ ROUTE ] array (
  'type' => 'module',
  'module' => 
  array (
    0 => 'front',
    1 => 'index',
    2 => 'index',
  ),
  'convert' => false,
)
[ info ] [ HEADER ] array (
  'host' => 'test.lotgame.com',
  'connection' => 'keep-alive',
  'accept' => 'application/json, text/javascript, */*; q=0.01',
  'x-requested-with' => 'XMLHttpRequest',
  'user-agent' => 'Mozilla/5.0 (Windows NT 6.1; Win64; x64) AppleWebKit/537.36 (KHTML, like Gecko) Chrome/68.0.3440.106 Safari/537.36',
  'referer' => 'http://test.lotgame.com/',
  'accept-encoding' => 'gzip, deflate',
  'accept-language' => 'zh-CN,zh;q=0.9,en;q=0.8',
  'cookie' => 'PHPSESSID=6g1jptb0c504in079p9loel4s7',
)
[ info ] [ PARAM ] array (
)
[ info ] [ DB ] INIT mysql
[ info ] [ RUN ] app\front\controller\Index->index[ D:\mywork\lotgame\app\front\controller\Index.php ]
[ info ] [ VIEW ] D:\mywork\lotgame\public/../app/front\view\index\index.html [ array (
  0 => 'controller',
  1 => 'boards',
  2 => 'title',
) ]
[ info ] [ LOG ] INIT File
[ sql ] [ DB ] CONNECT:[ UseTime:0.011000s ] mysql:host=127.0.0.1;port=3306;dbname=tplay;charset=utf8
[ sql ] [ SQL ] SHOW COLUMNS FROM `hov_board` [ RunTime:0.027002s ]
[ sql ] [ SQL ] SELECT * FROM `hov_board` LIMIT 5 [ RunTime:0.001000s ]
---------------------------------------------------------------
[ 2019-04-01T09:24:23+08:00 ] 192.168.1.107 GET test.lotgame.com/static/front/image/news_ico.png
[运行时间：0.048003s] [吞吐率：20.83req/s] [内存消耗：1,787.82kb] [文件加载：36]
[ info ] [ LANG ] D:\mywork\lotgame\thinkphp\lang\zh-cn.php
[ info ] [ ROUTE ] array (
  'type' => 'module',
  'module' => 
  array (
    0 => 'static',
    1 => 'front',
    2 => 'image',
  ),
)
[ info ] [ HEADER ] array (
  'host' => 'test.lotgame.com',
  'connection' => 'keep-alive',
  'user-agent' => 'Mozilla/5.0 (Windows NT 6.1; Win64; x64) AppleWebKit/537.36 (KHTML, like Gecko) Chrome/68.0.3440.106 Safari/537.36',
  'accept' => 'image/webp,image/apng,image/*,*/*;q=0.8',
  'referer' => 'http://test.lotgame.com/static/front/css/style.css',
  'accept-encoding' => 'gzip, deflate',
  'accept-language' => 'zh-CN,zh;q=0.9,en;q=0.8',
  'cookie' => 'PHPSESSID=6g1jptb0c504in079p9loel4s7',
)
[ info ] [ PARAM ] array (
)
[ info ] [ LOG ] INIT File
---------------------------------------------------------------
[ 2019-04-01T09:24:23+08:00 ] 192.168.1.107 GET test.lotgame.com/notify.ogg
[运行时间：0.058004s] [吞吐率：17.24req/s] [内存消耗：1,787.77kb] [文件加载：36]
[ info ] [ LANG ] D:\mywork\lotgame\thinkphp\lang\zh-cn.php
[ info ] [ ROUTE ] array (
  'type' => 'module',
  'module' => 
  array (
    0 => 'notify.ogg',
    1 => NULL,
    2 => NULL,
  ),
)
[ info ] [ HEADER ] array (
  'host' => 'test.lotgame.com',
  'connection' => 'keep-alive',
  'accept-encoding' => 'identity;q=1, *;q=0',
  'user-agent' => 'Mozilla/5.0 (Windows NT 6.1; Win64; x64) AppleWebKit/537.36 (KHTML, like Gecko) Chrome/68.0.3440.106 Safari/537.36',
  'accept' => '*/*',
  'referer' => 'http://test.lotgame.com/',
  'accept-language' => 'zh-CN,zh;q=0.9,en;q=0.8',
  'cookie' => 'PHPSESSID=6g1jptb0c504in079p9loel4s7',
  'range' => 'bytes=0-',
)
[ info ] [ PARAM ] array (
)
[ info ] [ LOG ] INIT File
---------------------------------------------------------------
[ 2019-04-01T09:24:24+08:00 ] 192.168.1.107 GET test.lotgame.com/images/sound/tips.wav
[运行时间：0.049003s] [吞吐率：20.41req/s] [内存消耗：1,787.88kb] [文件加载：36]
[ info ] [ LANG ] D:\mywork\lotgame\thinkphp\lang\zh-cn.php
[ info ] [ ROUTE ] array (
  'type' => 'module',
  'module' => 
  array (
    0 => 'images',
    1 => 'sound',
    2 => 'tips.wav',
  ),
)
[ info ] [ HEADER ] array (
  'host' => 'test.lotgame.com',
  'connection' => 'keep-alive',
  'accept-encoding' => 'identity;q=1, *;q=0',
  'user-agent' => 'Mozilla/5.0 (Windows NT 6.1; Win64; x64) AppleWebKit/537.36 (KHTML, like Gecko) Chrome/68.0.3440.106 Safari/537.36',
  'accept' => '*/*',
  'referer' => 'http://test.lotgame.com/',
  'accept-language' => 'zh-CN,zh;q=0.9,en;q=0.8',
  'cookie' => 'PHPSESSID=6g1jptb0c504in079p9loel4s7',
  'range' => 'bytes=0-',
)
[ info ] [ PARAM ] array (
)
[ info ] [ LOG ] INIT File
---------------------------------------------------------------
[ 2019-04-01T09:24:32+08:00 ] 192.168.1.107 GET test.lotgame.com/
[运行时间：0.118007s] [吞吐率：8.47req/s] [内存消耗：3,420.98kb] [文件加载：52]
[ info ] [ LANG ] D:\mywork\lotgame\thinkphp\lang\zh-cn.php
[ info ] [ ROUTE ] array (
  'type' => 'module',
  'module' => 
  array (
    0 => 'front',
    1 => 'index',
    2 => 'index',
  ),
  'convert' => false,
)
[ info ] [ HEADER ] array (
  'host' => 'test.lotgame.com',
  'connection' => 'keep-alive',
  'accept' => 'application/json, text/javascript, */*; q=0.01',
  'x-requested-with' => 'XMLHttpRequest',
  'user-agent' => 'Mozilla/5.0 (Windows NT 6.1; Win64; x64) AppleWebKit/537.36 (KHTML, like Gecko) Chrome/68.0.3440.106 Safari/537.36',
  'referer' => 'http://test.lotgame.com/',
  'accept-encoding' => 'gzip, deflate',
  'accept-language' => 'zh-CN,zh;q=0.9,en;q=0.8',
  'cookie' => 'PHPSESSID=6g1jptb0c504in079p9loel4s7',
)
[ info ] [ PARAM ] array (
)
[ info ] [ DB ] INIT mysql
[ info ] [ RUN ] app\front\controller\Index->index[ D:\mywork\lotgame\app\front\controller\Index.php ]
[ info ] [ VIEW ] D:\mywork\lotgame\public/../app/front\view\index\index.html [ array (
  0 => 'controller',
  1 => 'boards',
  2 => 'title',
) ]
[ info ] [ LOG ] INIT File
[ sql ] [ DB ] CONNECT:[ UseTime:0.001000s ] mysql:host=127.0.0.1;port=3306;dbname=tplay;charset=utf8
[ sql ] [ SQL ] SHOW COLUMNS FROM `hov_board` [ RunTime:0.014001s ]
[ sql ] [ SQL ] SELECT * FROM `hov_board` LIMIT 5 [ RunTime:0.001000s ]
---------------------------------------------------------------
[ 2019-04-01T09:24:42+08:00 ] 192.168.1.107 GET test.lotgame.com/
[运行时间：0.218012s] [吞吐率：4.59req/s] [内存消耗：3,420.98kb] [文件加载：52]
[ info ] [ LANG ] D:\mywork\lotgame\thinkphp\lang\zh-cn.php
[ info ] [ ROUTE ] array (
  'type' => 'module',
  'module' => 
  array (
    0 => 'front',
    1 => 'index',
    2 => 'index',
  ),
  'convert' => false,
)
[ info ] [ HEADER ] array (
  'host' => 'test.lotgame.com',
  'connection' => 'keep-alive',
  'accept' => 'application/json, text/javascript, */*; q=0.01',
  'x-requested-with' => 'XMLHttpRequest',
  'user-agent' => 'Mozilla/5.0 (Windows NT 6.1; Win64; x64) AppleWebKit/537.36 (KHTML, like Gecko) Chrome/68.0.3440.106 Safari/537.36',
  'referer' => 'http://test.lotgame.com/',
  'accept-encoding' => 'gzip, deflate',
  'accept-language' => 'zh-CN,zh;q=0.9,en;q=0.8',
  'cookie' => 'PHPSESSID=6g1jptb0c504in079p9loel4s7',
)
[ info ] [ PARAM ] array (
)
[ info ] [ DB ] INIT mysql
[ info ] [ RUN ] app\front\controller\Index->index[ D:\mywork\lotgame\app\front\controller\Index.php ]
[ info ] [ VIEW ] D:\mywork\lotgame\public/../app/front\view\index\index.html [ array (
  0 => 'controller',
  1 => 'boards',
  2 => 'title',
) ]
[ info ] [ LOG ] INIT File
[ sql ] [ DB ] CONNECT:[ UseTime:0.001000s ] mysql:host=127.0.0.1;port=3306;dbname=tplay;charset=utf8
[ sql ] [ SQL ] SHOW COLUMNS FROM `hov_board` [ RunTime:0.045002s ]
[ sql ] [ SQL ] SELECT * FROM `hov_board` LIMIT 5 [ RunTime:0.070004s ]
---------------------------------------------------------------
[ 2019-04-01T09:24:52+08:00 ] 192.168.1.107 GET test.lotgame.com/
[运行时间：0.106006s] [吞吐率：9.43req/s] [内存消耗：3,420.98kb] [文件加载：52]
[ info ] [ LANG ] D:\mywork\lotgame\thinkphp\lang\zh-cn.php
[ info ] [ ROUTE ] array (
  'type' => 'module',
  'module' => 
  array (
    0 => 'front',
    1 => 'index',
    2 => 'index',
  ),
  'convert' => false,
)
[ info ] [ HEADER ] array (
  'host' => 'test.lotgame.com',
  'connection' => 'keep-alive',
  'accept' => 'application/json, text/javascript, */*; q=0.01',
  'x-requested-with' => 'XMLHttpRequest',
  'user-agent' => 'Mozilla/5.0 (Windows NT 6.1; Win64; x64) AppleWebKit/537.36 (KHTML, like Gecko) Chrome/68.0.3440.106 Safari/537.36',
  'referer' => 'http://test.lotgame.com/',
  'accept-encoding' => 'gzip, deflate',
  'accept-language' => 'zh-CN,zh;q=0.9,en;q=0.8',
  'cookie' => 'PHPSESSID=6g1jptb0c504in079p9loel4s7',
)
[ info ] [ PARAM ] array (
)
[ info ] [ DB ] INIT mysql
[ info ] [ RUN ] app\front\controller\Index->index[ D:\mywork\lotgame\app\front\controller\Index.php ]
[ info ] [ VIEW ] D:\mywork\lotgame\public/../app/front\view\index\index.html [ array (
  0 => 'controller',
  1 => 'boards',
  2 => 'title',
) ]
[ info ] [ LOG ] INIT File
[ sql ] [ DB ] CONNECT:[ UseTime:0.001000s ] mysql:host=127.0.0.1;port=3306;dbname=tplay;charset=utf8
[ sql ] [ SQL ] SHOW COLUMNS FROM `hov_board` [ RunTime:0.011000s ]
[ sql ] [ SQL ] SELECT * FROM `hov_board` LIMIT 5 [ RunTime:0.001000s ]
---------------------------------------------------------------
[ 2019-04-01T09:25:02+08:00 ] 192.168.1.107 GET test.lotgame.com/
[运行时间：0.146008s] [吞吐率：6.85req/s] [内存消耗：3,420.98kb] [文件加载：52]
[ info ] [ LANG ] D:\mywork\lotgame\thinkphp\lang\zh-cn.php
[ info ] [ ROUTE ] array (
  'type' => 'module',
  'module' => 
  array (
    0 => 'front',
    1 => 'index',
    2 => 'index',
  ),
  'convert' => false,
)
[ info ] [ HEADER ] array (
  'host' => 'test.lotgame.com',
  'connection' => 'keep-alive',
  'accept' => 'application/json, text/javascript, */*; q=0.01',
  'x-requested-with' => 'XMLHttpRequest',
  'user-agent' => 'Mozilla/5.0 (Windows NT 6.1; Win64; x64) AppleWebKit/537.36 (KHTML, like Gecko) Chrome/68.0.3440.106 Safari/537.36',
  'referer' => 'http://test.lotgame.com/',
  'accept-encoding' => 'gzip, deflate',
  'accept-language' => 'zh-CN,zh;q=0.9,en;q=0.8',
  'cookie' => 'PHPSESSID=6g1jptb0c504in079p9loel4s7',
)
[ info ] [ PARAM ] array (
)
[ info ] [ DB ] INIT mysql
[ info ] [ RUN ] app\front\controller\Index->index[ D:\mywork\lotgame\app\front\controller\Index.php ]
[ info ] [ VIEW ] D:\mywork\lotgame\public/../app/front\view\index\index.html [ array (
  0 => 'controller',
  1 => 'boards',
  2 => 'title',
) ]
[ info ] [ LOG ] INIT File
[ sql ] [ DB ] CONNECT:[ UseTime:0.011001s ] mysql:host=127.0.0.1;port=3306;dbname=tplay;charset=utf8
[ sql ] [ SQL ] SHOW COLUMNS FROM `hov_board` [ RunTime:0.056003s ]
[ sql ] [ SQL ] SELECT * FROM `hov_board` LIMIT 5 [ RunTime:0.001000s ]
