---------------------------------------------------------------
[ 2019-03-19T09:18:51+08:00 ] 192.168.1.107 GET test.lotgame.com/admin/index/index.shtml
[运行时间：0.668038s] [吞吐率：1.50req/s] [内存消耗：3,261.79kb] [文件加载：52]
[ info ] [ LANG ] D:\mywork\lotgame\thinkphp\lang\zh-cn.php
[ info ] [ DB ] INIT mysql
[ info ] [ ROUTE ] array (
  'type' => 'module',
  'module' => 
  array (
    0 => 'admin',
    1 => 'index',
    2 => 'index',
  ),
)
[ info ] [ HEADER ] array (
  'host' => 'test.lotgame.com',
  'connection' => 'keep-alive',
  'cache-control' => 'max-age=0',
  'upgrade-insecure-requests' => '1',
  'user-agent' => 'Mozilla/5.0 (Windows NT 6.1; Win64; x64) AppleWebKit/537.36 (KHTML, like Gecko) Chrome/68.0.3440.106 Safari/537.36',
  'accept' => 'text/html,application/xhtml+xml,application/xml;q=0.9,image/webp,image/apng,*/*;q=0.8',
  'referer' => 'http://test.lotgame.com/admin/common/login.shtml',
  'accept-encoding' => 'gzip, deflate',
  'accept-language' => 'zh-CN,zh;q=0.9,en;q=0.8',
  'cookie' => 'PHPSESSID=2bg57ltpoh9tskl0o64h0ntf27',
)
[ info ] [ PARAM ] array (
)
[ info ] [ SESSION ] INIT array (
  'id' => '',
  'var_session_id' => '',
  'prefix' => 'think',
  'type' => '',
  'auto_start' => true,
)
[ info ] [ RUN ] app\admin\controller\Index->index[ D:\mywork\lotgame\app\admin\controller\Index.php ]
[ info ] [ VIEW ] D:\mywork\lotgame\public/../app/admin\view\index\index.html [ array (
  0 => 'menus',
  1 => 'cookie',
) ]
[ info ] [ LOG ] INIT File
[ sql ] [ DB ] CONNECT:[ UseTime:0.010001s ] mysql:host=127.0.0.1;port=3306;dbname=tplay;charset=utf8
[ sql ] [ SQL ] SHOW COLUMNS FROM `hov_urlconfig` [ RunTime:0.039002s ]
[ sql ] [ SQL ] SELECT `aliases`,`url` FROM `hov_urlconfig` WHERE  `status` = 1 [ RunTime:0.000000s ]
[ sql ] [ SQL ] SHOW COLUMNS FROM `hov_webconfig` [ RunTime:0.032002s ]
[ sql ] [ SQL ] SELECT `black_ip` FROM `hov_webconfig` WHERE  `id` = 101 LIMIT 1 [ RunTime:0.001000s ]
[ sql ] [ SQL ] SHOW COLUMNS FROM `hov_admin_cate` [ RunTime:0.029002s ]
[ sql ] [ SQL ] SELECT `permissions` FROM `hov_admin_cate` WHERE  `id` = 1 LIMIT 1 [ RunTime:0.006000s ]
[ sql ] [ SQL ] SHOW COLUMNS FROM `hov_admin_menu` [ RunTime:0.032001s ]
[ sql ] [ SQL ] SELECT * FROM `hov_admin_menu` WHERE  `module` = 'admin'  AND `controller` = 'Index'  AND `function` = 'index'  AND `type` = 1 LIMIT 1 [ RunTime:0.001001s ]
[ sql ] [ SQL ] SELECT * FROM `hov_admin_menu` WHERE  `is_display` = 1 ORDER BY `orders` ASC [ RunTime:0.001000s ]
[ sql ] [ SQL ] SELECT `permissions` FROM `hov_admin_cate` WHERE  `id` = 1 LIMIT 1 [ RunTime:0.000000s ]
[ sql ] [ SQL ] SHOW COLUMNS FROM `hov_admin` [ RunTime:0.028001s ]
[ sql ] [ SQL ] SELECT * FROM `hov_admin` WHERE  `id` = 1 LIMIT 1 [ RunTime:0.001000s ]
[ sql ] [ SQL ] SHOW COLUMNS FROM `hov_attachment` [ RunTime:0.032002s ]
[ sql ] [ SQL ] SELECT * FROM `hov_attachment` WHERE  `id` = 1 LIMIT 1 [ RunTime:0.044002s ]
---------------------------------------------------------------
[ 2019-03-19T09:18:52+08:00 ] 192.168.1.107 GET test.lotgame.com/admin/main/index
[运行时间：0.517029s] [吞吐率：1.93req/s] [内存消耗：3,187.25kb] [文件加载：52]
[ info ] [ LANG ] D:\mywork\lotgame\thinkphp\lang\zh-cn.php
[ info ] [ DB ] INIT mysql
[ info ] [ ROUTE ] array (
  'type' => 'module',
  'module' => 
  array (
    0 => 'admin',
    1 => 'main',
    2 => 'index',
  ),
)
[ info ] [ HEADER ] array (
  'host' => 'test.lotgame.com',
  'connection' => 'keep-alive',
  'upgrade-insecure-requests' => '1',
  'user-agent' => 'Mozilla/5.0 (Windows NT 6.1; Win64; x64) AppleWebKit/537.36 (KHTML, like Gecko) Chrome/68.0.3440.106 Safari/537.36',
  'accept' => 'text/html,application/xhtml+xml,application/xml;q=0.9,image/webp,image/apng,*/*;q=0.8',
  'referer' => 'http://test.lotgame.com/admin/index/index.shtml',
  'accept-encoding' => 'gzip, deflate',
  'accept-language' => 'zh-CN,zh;q=0.9,en;q=0.8',
  'cookie' => 'PHPSESSID=2bg57ltpoh9tskl0o64h0ntf27',
)
[ info ] [ PARAM ] array (
)
[ info ] [ SESSION ] INIT array (
  'id' => '',
  'var_session_id' => '',
  'prefix' => 'think',
  'type' => '',
  'auto_start' => true,
)
[ info ] [ RUN ] app\admin\controller\Main->index[ D:\mywork\lotgame\app\admin\controller\Main.php ]
[ info ] [ VIEW ] D:\mywork\lotgame\public/../app/admin\view\main\index.html [ array (
  0 => 'info',
  1 => 'web',
) ]
[ info ] [ LOG ] INIT File
[ sql ] [ DB ] CONNECT:[ UseTime:0.000000s ] mysql:host=127.0.0.1;port=3306;dbname=tplay;charset=utf8
[ sql ] [ SQL ] SHOW COLUMNS FROM `hov_urlconfig` [ RunTime:0.032002s ]
[ sql ] [ SQL ] SELECT `aliases`,`url` FROM `hov_urlconfig` WHERE  `status` = 1 [ RunTime:0.000000s ]
[ sql ] [ SQL ] SHOW COLUMNS FROM `hov_webconfig` [ RunTime:0.068004s ]
[ sql ] [ SQL ] SELECT `black_ip` FROM `hov_webconfig` WHERE  `id` = 101 LIMIT 1 [ RunTime:0.001000s ]
[ sql ] [ SQL ] SHOW COLUMNS FROM `hov_admin_cate` [ RunTime:0.034002s ]
[ sql ] [ SQL ] SELECT `permissions` FROM `hov_admin_cate` WHERE  `id` = 1 LIMIT 1 [ RunTime:0.001000s ]
[ sql ] [ SQL ] SHOW COLUMNS FROM `hov_admin_menu` [ RunTime:0.030002s ]
[ sql ] [ SQL ] SELECT * FROM `hov_admin_menu` WHERE  `module` = 'admin'  AND `controller` = 'Main'  AND `function` = 'index'  AND `type` = 1  AND `parameter` = 'main=' LIMIT 1 [ RunTime:0.001000s ]
[ sql ] [ SQL ] SELECT * FROM `hov_admin_menu` WHERE  `module` = 'admin'  AND `controller` = 'Main'  AND `function` = 'index'  AND `type` = 1 LIMIT 1 [ RunTime:0.002000s ]
[ sql ] [ SQL ] SHOW COLUMNS FROM `hov_admin` [ RunTime:0.037002s ]
[ sql ] [ SQL ] SELECT COUNT(*) AS tp_count FROM `hov_admin` LIMIT 1 [ RunTime:0.000000s ]
[ sql ] [ SQL ] SELECT COUNT(*) AS tp_count FROM `hov_admin_cate` LIMIT 1 [ RunTime:0.002000s ]
[ sql ] [ SQL ] SELECT `black_ip` FROM `hov_webconfig` LIMIT 1 [ RunTime:0.001001s ]
[ sql ] [ SQL ] SHOW COLUMNS FROM `hov_article` [ RunTime:0.030001s ]
[ sql ] [ SQL ] SELECT COUNT(*) AS tp_count FROM `hov_article` LIMIT 1 [ RunTime:0.000000s ]
[ sql ] [ SQL ] SELECT COUNT(*) AS tp_count FROM `hov_article` WHERE  `status` = 0 LIMIT 1 [ RunTime:0.000000s ]
[ sql ] [ SQL ] SELECT COUNT(*) AS tp_count FROM `hov_article` WHERE  `is_top` = 1 LIMIT 1 [ RunTime:0.001000s ]
[ sql ] [ SQL ] SHOW COLUMNS FROM `hov_attachment` [ RunTime:0.029001s ]
[ sql ] [ SQL ] SELECT COUNT(*) AS tp_count FROM `hov_attachment` LIMIT 1 [ RunTime:0.014001s ]
[ sql ] [ SQL ] SELECT COUNT(*) AS tp_count FROM `hov_attachment` WHERE  `status` = 0 LIMIT 1 [ RunTime:0.001000s ]
[ sql ] [ SQL ] SELECT COUNT(*) AS tp_count FROM `hov_attachment` WHERE  `status` = -1 LIMIT 1 [ RunTime:0.001000s ]
[ sql ] [ SQL ] SHOW COLUMNS FROM `hov_messages` [ RunTime:0.031001s ]
[ sql ] [ SQL ] SELECT COUNT(*) AS tp_count FROM `hov_messages` LIMIT 1 [ RunTime:0.001000s ]
[ sql ] [ SQL ] SELECT COUNT(*) AS tp_count FROM `hov_messages` WHERE  `is_look` = 0 LIMIT 1 [ RunTime:0.001001s ]
[ sql ] [ SQL ] SHOW COLUMNS FROM `hov_admin_log` [ RunTime:0.027001s ]
[ sql ] [ SQL ] SELECT COUNT(*) AS tp_count FROM `hov_admin_log` WHERE  `admin_menu_id` = 50  AND ( `create_time` >= 1552147200 AND `create_time` <= 1552233600 ) LIMIT 1 [ RunTime:0.000000s ]
[ sql ] [ SQL ] SELECT COUNT(*) AS tp_count FROM `hov_admin_log` WHERE  `admin_menu_id` = 50  AND ( `create_time` >= 1552233600 AND `create_time` <= 1552320000 ) LIMIT 1 [ RunTime:0.003001s ]
[ sql ] [ SQL ] SELECT COUNT(*) AS tp_count FROM `hov_admin_log` WHERE  `admin_menu_id` = 50  AND ( `create_time` >= 1552320000 AND `create_time` <= 1552406400 ) LIMIT 1 [ RunTime:0.002000s ]
[ sql ] [ SQL ] SELECT COUNT(*) AS tp_count FROM `hov_admin_log` WHERE  `admin_menu_id` = 50  AND ( `create_time` >= 1552406400 AND `create_time` <= 1552492800 ) LIMIT 1 [ RunTime:0.001000s ]
[ sql ] [ SQL ] SELECT COUNT(*) AS tp_count FROM `hov_admin_log` WHERE  `admin_menu_id` = 50  AND ( `create_time` >= 1552492800 AND `create_time` <= 1552579200 ) LIMIT 1 [ RunTime:0.001000s ]
[ sql ] [ SQL ] SELECT COUNT(*) AS tp_count FROM `hov_admin_log` WHERE  `admin_menu_id` = 50  AND ( `create_time` >= 1552579200 AND `create_time` <= 1552665600 ) LIMIT 1 [ RunTime:0.001000s ]
[ sql ] [ SQL ] SELECT COUNT(*) AS tp_count FROM `hov_admin_log` WHERE  `admin_menu_id` = 50  AND ( `create_time` >= 1552665600 AND `create_time` <= 1552752000 ) LIMIT 1 [ RunTime:0.001000s ]
[ sql ] [ SQL ] SELECT COUNT(*) AS tp_count FROM `hov_admin_log` WHERE  `admin_menu_id` = 50  AND ( `create_time` >= 1552752000 AND `create_time` <= 1552838400 ) LIMIT 1 [ RunTime:0.001001s ]
[ sql ] [ SQL ] SELECT COUNT(*) AS tp_count FROM `hov_admin_log` WHERE  `admin_menu_id` = 50  AND ( `create_time` >= 1552838400 AND `create_time` <= 1552924800 ) LIMIT 1 [ RunTime:0.003000s ]
[ sql ] [ SQL ] SELECT COUNT(*) AS tp_count FROM `hov_admin_log` WHERE  `admin_menu_id` = 50  AND ( `create_time` >= 1552924800 AND `create_time` <= 1553011200 ) LIMIT 1 [ RunTime:0.002000s ]
---------------------------------------------------------------
[ 2019-03-19T09:18:56+08:00 ] 192.168.1.107 GET test.lotgame.com/admin/user/index.shtml
[运行时间：0.392022s] [吞吐率：2.55req/s] [内存消耗：3,734.03kb] [文件加载：58]
[ info ] [ LANG ] D:\mywork\lotgame\thinkphp\lang\zh-cn.php
[ info ] [ DB ] INIT mysql
[ info ] [ ROUTE ] array (
  'type' => 'module',
  'module' => 
  array (
    0 => 'admin',
    1 => 'user',
    2 => 'index',
  ),
)
[ info ] [ HEADER ] array (
  'host' => 'test.lotgame.com',
  'connection' => 'keep-alive',
  'upgrade-insecure-requests' => '1',
  'user-agent' => 'Mozilla/5.0 (Windows NT 6.1; Win64; x64) AppleWebKit/537.36 (KHTML, like Gecko) Chrome/68.0.3440.106 Safari/537.36',
  'accept' => 'text/html,application/xhtml+xml,application/xml;q=0.9,image/webp,image/apng,*/*;q=0.8',
  'referer' => 'http://test.lotgame.com/admin/index/index.shtml',
  'accept-encoding' => 'gzip, deflate',
  'accept-language' => 'zh-CN,zh;q=0.9,en;q=0.8',
  'cookie' => 'PHPSESSID=2bg57ltpoh9tskl0o64h0ntf27',
)
[ info ] [ PARAM ] array (
)
[ info ] [ SESSION ] INIT array (
  'id' => '',
  'var_session_id' => '',
  'prefix' => 'think',
  'type' => '',
  'auto_start' => true,
)
[ info ] [ RUN ] app\admin\controller\User->index[ D:\mywork\lotgame\app\admin\controller\User.php ]
[ info ] [ VIEW ] D:\mywork\lotgame\public/../app/admin\view\user\index.html [ array (
  0 => 'users',
) ]
[ info ] [ LOG ] INIT File
[ sql ] [ DB ] CONNECT:[ UseTime:0.001000s ] mysql:host=127.0.0.1;port=3306;dbname=tplay;charset=utf8
[ sql ] [ SQL ] SHOW COLUMNS FROM `hov_urlconfig` [ RunTime:0.034002s ]
[ sql ] [ SQL ] SELECT `aliases`,`url` FROM `hov_urlconfig` WHERE  `status` = 1 [ RunTime:0.001000s ]
[ sql ] [ SQL ] SHOW COLUMNS FROM `hov_webconfig` [ RunTime:0.013001s ]
[ sql ] [ SQL ] SELECT `black_ip` FROM `hov_webconfig` WHERE  `id` = 101 LIMIT 1 [ RunTime:0.001000s ]
[ sql ] [ SQL ] SHOW COLUMNS FROM `hov_admin_cate` [ RunTime:0.006000s ]
[ sql ] [ SQL ] SELECT `permissions` FROM `hov_admin_cate` WHERE  `id` = 1 LIMIT 1 [ RunTime:0.001000s ]
[ sql ] [ SQL ] SHOW COLUMNS FROM `hov_admin_menu` [ RunTime:0.010001s ]
[ sql ] [ SQL ] SELECT * FROM `hov_admin_menu` WHERE  `module` = 'admin'  AND `controller` = 'User'  AND `function` = 'index'  AND `type` = 1  AND `parameter` = 'user=' LIMIT 1 [ RunTime:0.002000s ]
[ sql ] [ SQL ] SELECT * FROM `hov_admin_menu` WHERE  `module` = 'admin'  AND `controller` = 'User'  AND `function` = 'index'  AND `type` = 1 LIMIT 1 [ RunTime:0.001000s ]
[ sql ] [ SQL ] SHOW COLUMNS FROM `hov_user` [ RunTime:0.018001s ]
[ sql ] [ SQL ] SELECT COUNT(*) AS tp_count FROM `hov_user` LIMIT 1 [ RunTime:0.001000s ]
[ sql ] [ SQL ] SELECT * FROM `hov_user` ORDER BY `create_time` DESC LIMIT 0,20 [ RunTime:0.001000s ]
---------------------------------------------------------------
[ 2019-03-19T09:19:00+08:00 ] 192.168.1.107 GET test.lotgame.com/admin/user/edit/uid/2.shtml
[运行时间：0.248014s] [吞吐率：4.03req/s] [内存消耗：3,088.56kb] [文件加载：52]
[ info ] [ LANG ] D:\mywork\lotgame\thinkphp\lang\zh-cn.php
[ info ] [ DB ] INIT mysql
[ info ] [ ROUTE ] array (
  'type' => 'module',
  'module' => 
  array (
    0 => 'admin',
    1 => 'user',
    2 => 'edit',
  ),
)
[ info ] [ HEADER ] array (
  'host' => 'test.lotgame.com',
  'connection' => 'keep-alive',
  'accept' => '*/*',
  'x-requested-with' => 'XMLHttpRequest',
  'user-agent' => 'Mozilla/5.0 (Windows NT 6.1; Win64; x64) AppleWebKit/537.36 (KHTML, like Gecko) Chrome/68.0.3440.106 Safari/537.36',
  'referer' => 'http://test.lotgame.com/admin/user/index.shtml',
  'accept-encoding' => 'gzip, deflate',
  'accept-language' => 'zh-CN,zh;q=0.9,en;q=0.8',
  'cookie' => 'PHPSESSID=2bg57ltpoh9tskl0o64h0ntf27',
)
[ info ] [ PARAM ] array (
  'uid' => '2',
)
[ info ] [ SESSION ] INIT array (
  'id' => '',
  'var_session_id' => '',
  'prefix' => 'think',
  'type' => '',
  'auto_start' => true,
)
[ info ] [ LOG ] INIT File
[ sql ] [ DB ] CONNECT:[ UseTime:0.001000s ] mysql:host=127.0.0.1;port=3306;dbname=tplay;charset=utf8
[ sql ] [ SQL ] SHOW COLUMNS FROM `hov_urlconfig` [ RunTime:0.021001s ]
[ sql ] [ SQL ] SELECT `aliases`,`url` FROM `hov_urlconfig` WHERE  `status` = 1 [ RunTime:0.001000s ]
[ sql ] [ SQL ] SHOW COLUMNS FROM `hov_webconfig` [ RunTime:0.039002s ]
[ sql ] [ SQL ] SELECT `black_ip` FROM `hov_webconfig` WHERE  `id` = 101 LIMIT 1 [ RunTime:0.001000s ]
[ sql ] [ SQL ] SHOW COLUMNS FROM `hov_admin_cate` [ RunTime:0.032002s ]
[ sql ] [ SQL ] SELECT `permissions` FROM `hov_admin_cate` WHERE  `id` = 1 LIMIT 1 [ RunTime:0.003000s ]
[ sql ] [ SQL ] SHOW COLUMNS FROM `hov_admin_menu` [ RunTime:0.030002s ]
[ sql ] [ SQL ] SELECT * FROM `hov_admin_menu` WHERE  `module` = 'admin'  AND `controller` = 'User'  AND `function` = 'edit'  AND `type` = 1  AND `parameter` = 'user=uid&2=' LIMIT 1 [ RunTime:0.002000s ]
[ sql ] [ SQL ] SELECT * FROM `hov_admin_menu` WHERE  `module` = 'admin'  AND `controller` = 'User'  AND `function` = 'edit'  AND `type` = 1 LIMIT 1 [ RunTime:0.001000s ]
---------------------------------------------------------------
[ 2019-03-19T09:19:07+08:00 ] 192.168.1.107 GET test.lotgame.com/admin/index/index.shtml
[运行时间：0.286016s] [吞吐率：3.50req/s] [内存消耗：3,261.80kb] [文件加载：52]
[ info ] [ LANG ] D:\mywork\lotgame\thinkphp\lang\zh-cn.php
[ info ] [ DB ] INIT mysql
[ info ] [ ROUTE ] array (
  'type' => 'module',
  'module' => 
  array (
    0 => 'admin',
    1 => 'index',
    2 => 'index',
  ),
)
[ info ] [ HEADER ] array (
  'host' => 'test.lotgame.com',
  'connection' => 'keep-alive',
  'cache-control' => 'max-age=0',
  'upgrade-insecure-requests' => '1',
  'user-agent' => 'Mozilla/5.0 (Windows NT 6.1; Win64; x64) AppleWebKit/537.36 (KHTML, like Gecko) Chrome/68.0.3440.106 Safari/537.36',
  'accept' => 'text/html,application/xhtml+xml,application/xml;q=0.9,image/webp,image/apng,*/*;q=0.8',
  'referer' => 'http://test.lotgame.com/admin/common/login.shtml',
  'accept-encoding' => 'gzip, deflate',
  'accept-language' => 'zh-CN,zh;q=0.9,en;q=0.8',
  'cookie' => 'PHPSESSID=2bg57ltpoh9tskl0o64h0ntf27',
)
[ info ] [ PARAM ] array (
)
[ info ] [ SESSION ] INIT array (
  'id' => '',
  'var_session_id' => '',
  'prefix' => 'think',
  'type' => '',
  'auto_start' => true,
)
[ info ] [ RUN ] app\admin\controller\Index->index[ D:\mywork\lotgame\app\admin\controller\Index.php ]
[ info ] [ VIEW ] D:\mywork\lotgame\public/../app/admin\view\index\index.html [ array (
  0 => 'menus',
  1 => 'cookie',
) ]
[ info ] [ LOG ] INIT File
[ sql ] [ DB ] CONNECT:[ UseTime:0.001000s ] mysql:host=127.0.0.1;port=3306;dbname=tplay;charset=utf8
[ sql ] [ SQL ] SHOW COLUMNS FROM `hov_urlconfig` [ RunTime:0.032002s ]
[ sql ] [ SQL ] SELECT `aliases`,`url` FROM `hov_urlconfig` WHERE  `status` = 1 [ RunTime:0.000000s ]
[ sql ] [ SQL ] SHOW COLUMNS FROM `hov_webconfig` [ RunTime:0.032002s ]
[ sql ] [ SQL ] SELECT `black_ip` FROM `hov_webconfig` WHERE  `id` = 101 LIMIT 1 [ RunTime:0.001000s ]
[ sql ] [ SQL ] SHOW COLUMNS FROM `hov_admin_cate` [ RunTime:0.019001s ]
[ sql ] [ SQL ] SELECT `permissions` FROM `hov_admin_cate` WHERE  `id` = 1 LIMIT 1 [ RunTime:0.001000s ]
[ sql ] [ SQL ] SHOW COLUMNS FROM `hov_admin_menu` [ RunTime:0.031002s ]
[ sql ] [ SQL ] SELECT * FROM `hov_admin_menu` WHERE  `module` = 'admin'  AND `controller` = 'Index'  AND `function` = 'index'  AND `type` = 1 LIMIT 1 [ RunTime:0.002000s ]
[ sql ] [ SQL ] SELECT * FROM `hov_admin_menu` WHERE  `is_display` = 1 ORDER BY `orders` ASC [ RunTime:0.003001s ]
[ sql ] [ SQL ] SELECT `permissions` FROM `hov_admin_cate` WHERE  `id` = 1 LIMIT 1 [ RunTime:0.001000s ]
[ sql ] [ SQL ] SHOW COLUMNS FROM `hov_admin` [ RunTime:0.031001s ]
[ sql ] [ SQL ] SELECT * FROM `hov_admin` WHERE  `id` = 1 LIMIT 1 [ RunTime:0.001001s ]
[ sql ] [ SQL ] SHOW COLUMNS FROM `hov_attachment` [ RunTime:0.031001s ]
[ sql ] [ SQL ] SELECT * FROM `hov_attachment` WHERE  `id` = 1 LIMIT 1 [ RunTime:0.001000s ]
---------------------------------------------------------------
[ 2019-03-19T09:19:08+08:00 ] 192.168.1.107 GET test.lotgame.com/admin/main/index
[运行时间：0.418024s] [吞吐率：2.39req/s] [内存消耗：3,187.25kb] [文件加载：52]
[ info ] [ LANG ] D:\mywork\lotgame\thinkphp\lang\zh-cn.php
[ info ] [ DB ] INIT mysql
[ info ] [ ROUTE ] array (
  'type' => 'module',
  'module' => 
  array (
    0 => 'admin',
    1 => 'main',
    2 => 'index',
  ),
)
[ info ] [ HEADER ] array (
  'host' => 'test.lotgame.com',
  'connection' => 'keep-alive',
  'upgrade-insecure-requests' => '1',
  'user-agent' => 'Mozilla/5.0 (Windows NT 6.1; Win64; x64) AppleWebKit/537.36 (KHTML, like Gecko) Chrome/68.0.3440.106 Safari/537.36',
  'accept' => 'text/html,application/xhtml+xml,application/xml;q=0.9,image/webp,image/apng,*/*;q=0.8',
  'referer' => 'http://test.lotgame.com/admin/index/index.shtml',
  'accept-encoding' => 'gzip, deflate',
  'accept-language' => 'zh-CN,zh;q=0.9,en;q=0.8',
  'cookie' => 'PHPSESSID=2bg57ltpoh9tskl0o64h0ntf27',
)
[ info ] [ PARAM ] array (
)
[ info ] [ SESSION ] INIT array (
  'id' => '',
  'var_session_id' => '',
  'prefix' => 'think',
  'type' => '',
  'auto_start' => true,
)
[ info ] [ RUN ] app\admin\controller\Main->index[ D:\mywork\lotgame\app\admin\controller\Main.php ]
[ info ] [ VIEW ] D:\mywork\lotgame\public/../app/admin\view\main\index.html [ array (
  0 => 'info',
  1 => 'web',
) ]
[ info ] [ LOG ] INIT File
[ sql ] [ DB ] CONNECT:[ UseTime:0.001000s ] mysql:host=127.0.0.1;port=3306;dbname=tplay;charset=utf8
[ sql ] [ SQL ] SHOW COLUMNS FROM `hov_urlconfig` [ RunTime:0.035002s ]
[ sql ] [ SQL ] SELECT `aliases`,`url` FROM `hov_urlconfig` WHERE  `status` = 1 [ RunTime:0.001000s ]
[ sql ] [ SQL ] SHOW COLUMNS FROM `hov_webconfig` [ RunTime:0.044002s ]
[ sql ] [ SQL ] SELECT `black_ip` FROM `hov_webconfig` WHERE  `id` = 101 LIMIT 1 [ RunTime:0.001000s ]
[ sql ] [ SQL ] SHOW COLUMNS FROM `hov_admin_cate` [ RunTime:0.040003s ]
[ sql ] [ SQL ] SELECT `permissions` FROM `hov_admin_cate` WHERE  `id` = 1 LIMIT 1 [ RunTime:0.005000s ]
[ sql ] [ SQL ] SHOW COLUMNS FROM `hov_admin_menu` [ RunTime:0.029002s ]
[ sql ] [ SQL ] SELECT * FROM `hov_admin_menu` WHERE  `module` = 'admin'  AND `controller` = 'Main'  AND `function` = 'index'  AND `type` = 1  AND `parameter` = 'main=' LIMIT 1 [ RunTime:0.001000s ]
[ sql ] [ SQL ] SELECT * FROM `hov_admin_menu` WHERE  `module` = 'admin'  AND `controller` = 'Main'  AND `function` = 'index'  AND `type` = 1 LIMIT 1 [ RunTime:0.000000s ]
[ sql ] [ SQL ] SHOW COLUMNS FROM `hov_admin` [ RunTime:0.028002s ]
[ sql ] [ SQL ] SELECT COUNT(*) AS tp_count FROM `hov_admin` LIMIT 1 [ RunTime:0.000000s ]
[ sql ] [ SQL ] SELECT COUNT(*) AS tp_count FROM `hov_admin_cate` LIMIT 1 [ RunTime:0.000000s ]
[ sql ] [ SQL ] SELECT `black_ip` FROM `hov_webconfig` LIMIT 1 [ RunTime:0.000000s ]
[ sql ] [ SQL ] SHOW COLUMNS FROM `hov_article` [ RunTime:0.026002s ]
[ sql ] [ SQL ] SELECT COUNT(*) AS tp_count FROM `hov_article` LIMIT 1 [ RunTime:0.000000s ]
[ sql ] [ SQL ] SELECT COUNT(*) AS tp_count FROM `hov_article` WHERE  `status` = 0 LIMIT 1 [ RunTime:0.001000s ]
[ sql ] [ SQL ] SELECT COUNT(*) AS tp_count FROM `hov_article` WHERE  `is_top` = 1 LIMIT 1 [ RunTime:0.001000s ]
[ sql ] [ SQL ] SHOW COLUMNS FROM `hov_attachment` [ RunTime:0.028002s ]
[ sql ] [ SQL ] SELECT COUNT(*) AS tp_count FROM `hov_attachment` LIMIT 1 [ RunTime:0.000000s ]
[ sql ] [ SQL ] SELECT COUNT(*) AS tp_count FROM `hov_attachment` WHERE  `status` = 0 LIMIT 1 [ RunTime:0.000000s ]
[ sql ] [ SQL ] SELECT COUNT(*) AS tp_count FROM `hov_attachment` WHERE  `status` = -1 LIMIT 1 [ RunTime:0.001000s ]
[ sql ] [ SQL ] SHOW COLUMNS FROM `hov_messages` [ RunTime:0.027001s ]
[ sql ] [ SQL ] SELECT COUNT(*) AS tp_count FROM `hov_messages` LIMIT 1 [ RunTime:0.000000s ]
[ sql ] [ SQL ] SELECT COUNT(*) AS tp_count FROM `hov_messages` WHERE  `is_look` = 0 LIMIT 1 [ RunTime:0.001000s ]
[ sql ] [ SQL ] SHOW COLUMNS FROM `hov_admin_log` [ RunTime:0.026001s ]
[ sql ] [ SQL ] SELECT COUNT(*) AS tp_count FROM `hov_admin_log` WHERE  `admin_menu_id` = 50  AND ( `create_time` >= 1552147200 AND `create_time` <= 1552233600 ) LIMIT 1 [ RunTime:0.000000s ]
[ sql ] [ SQL ] SELECT COUNT(*) AS tp_count FROM `hov_admin_log` WHERE  `admin_menu_id` = 50  AND ( `create_time` >= 1552233600 AND `create_time` <= 1552320000 ) LIMIT 1 [ RunTime:0.001000s ]
[ sql ] [ SQL ] SELECT COUNT(*) AS tp_count FROM `hov_admin_log` WHERE  `admin_menu_id` = 50  AND ( `create_time` >= 1552320000 AND `create_time` <= 1552406400 ) LIMIT 1 [ RunTime:0.001000s ]
[ sql ] [ SQL ] SELECT COUNT(*) AS tp_count FROM `hov_admin_log` WHERE  `admin_menu_id` = 50  AND ( `create_time` >= 1552406400 AND `create_time` <= 1552492800 ) LIMIT 1 [ RunTime:0.001000s ]
[ sql ] [ SQL ] SELECT COUNT(*) AS tp_count FROM `hov_admin_log` WHERE  `admin_menu_id` = 50  AND ( `create_time` >= 1552492800 AND `create_time` <= 1552579200 ) LIMIT 1 [ RunTime:0.001000s ]
[ sql ] [ SQL ] SELECT COUNT(*) AS tp_count FROM `hov_admin_log` WHERE  `admin_menu_id` = 50  AND ( `create_time` >= 1552579200 AND `create_time` <= 1552665600 ) LIMIT 1 [ RunTime:0.001000s ]
[ sql ] [ SQL ] SELECT COUNT(*) AS tp_count FROM `hov_admin_log` WHERE  `admin_menu_id` = 50  AND ( `create_time` >= 1552665600 AND `create_time` <= 1552752000 ) LIMIT 1 [ RunTime:0.000000s ]
[ sql ] [ SQL ] SELECT COUNT(*) AS tp_count FROM `hov_admin_log` WHERE  `admin_menu_id` = 50  AND ( `create_time` >= 1552752000 AND `create_time` <= 1552838400 ) LIMIT 1 [ RunTime:0.000000s ]
[ sql ] [ SQL ] SELECT COUNT(*) AS tp_count FROM `hov_admin_log` WHERE  `admin_menu_id` = 50  AND ( `create_time` >= 1552838400 AND `create_time` <= 1552924800 ) LIMIT 1 [ RunTime:0.001000s ]
[ sql ] [ SQL ] SELECT COUNT(*) AS tp_count FROM `hov_admin_log` WHERE  `admin_menu_id` = 50  AND ( `create_time` >= 1552924800 AND `create_time` <= 1553011200 ) LIMIT 1 [ RunTime:0.000000s ]
---------------------------------------------------------------
[ 2019-03-19T09:19:11+08:00 ] 192.168.1.107 GET test.lotgame.com/admin/user/index.shtml
[运行时间：0.422024s] [吞吐率：2.37req/s] [内存消耗：3,734.03kb] [文件加载：58]
[ info ] [ LANG ] D:\mywork\lotgame\thinkphp\lang\zh-cn.php
[ info ] [ DB ] INIT mysql
[ info ] [ ROUTE ] array (
  'type' => 'module',
  'module' => 
  array (
    0 => 'admin',
    1 => 'user',
    2 => 'index',
  ),
)
[ info ] [ HEADER ] array (
  'host' => 'test.lotgame.com',
  'connection' => 'keep-alive',
  'upgrade-insecure-requests' => '1',
  'user-agent' => 'Mozilla/5.0 (Windows NT 6.1; Win64; x64) AppleWebKit/537.36 (KHTML, like Gecko) Chrome/68.0.3440.106 Safari/537.36',
  'accept' => 'text/html,application/xhtml+xml,application/xml;q=0.9,image/webp,image/apng,*/*;q=0.8',
  'referer' => 'http://test.lotgame.com/admin/index/index.shtml',
  'accept-encoding' => 'gzip, deflate',
  'accept-language' => 'zh-CN,zh;q=0.9,en;q=0.8',
  'cookie' => 'PHPSESSID=2bg57ltpoh9tskl0o64h0ntf27',
)
[ info ] [ PARAM ] array (
)
[ info ] [ SESSION ] INIT array (
  'id' => '',
  'var_session_id' => '',
  'prefix' => 'think',
  'type' => '',
  'auto_start' => true,
)
[ info ] [ RUN ] app\admin\controller\User->index[ D:\mywork\lotgame\app\admin\controller\User.php ]
[ info ] [ VIEW ] D:\mywork\lotgame\public/../app/admin\view\user\index.html [ array (
  0 => 'users',
) ]
[ info ] [ LOG ] INIT File
[ sql ] [ DB ] CONNECT:[ UseTime:0.010000s ] mysql:host=127.0.0.1;port=3306;dbname=tplay;charset=utf8
[ sql ] [ SQL ] SHOW COLUMNS FROM `hov_urlconfig` [ RunTime:0.019001s ]
[ sql ] [ SQL ] SELECT `aliases`,`url` FROM `hov_urlconfig` WHERE  `status` = 1 [ RunTime:0.001000s ]
[ sql ] [ SQL ] SHOW COLUMNS FROM `hov_webconfig` [ RunTime:0.031002s ]
[ sql ] [ SQL ] SELECT `black_ip` FROM `hov_webconfig` WHERE  `id` = 101 LIMIT 1 [ RunTime:0.003000s ]
[ sql ] [ SQL ] SHOW COLUMNS FROM `hov_admin_cate` [ RunTime:0.037003s ]
[ sql ] [ SQL ] SELECT `permissions` FROM `hov_admin_cate` WHERE  `id` = 1 LIMIT 1 [ RunTime:0.001000s ]
[ sql ] [ SQL ] SHOW COLUMNS FROM `hov_admin_menu` [ RunTime:0.032002s ]
[ sql ] [ SQL ] SELECT * FROM `hov_admin_menu` WHERE  `module` = 'admin'  AND `controller` = 'User'  AND `function` = 'index'  AND `type` = 1  AND `parameter` = 'user=' LIMIT 1 [ RunTime:0.003000s ]
[ sql ] [ SQL ] SELECT * FROM `hov_admin_menu` WHERE  `module` = 'admin'  AND `controller` = 'User'  AND `function` = 'index'  AND `type` = 1 LIMIT 1 [ RunTime:0.002000s ]
[ sql ] [ SQL ] SHOW COLUMNS FROM `hov_user` [ RunTime:0.027001s ]
[ sql ] [ SQL ] SELECT COUNT(*) AS tp_count FROM `hov_user` LIMIT 1 [ RunTime:0.000000s ]
[ sql ] [ SQL ] SELECT * FROM `hov_user` ORDER BY `create_time` DESC LIMIT 0,20 [ RunTime:0.000000s ]
