---------------------------------------------------------------
[ 2019-03-28T23:01:28+08:00 ] 192.168.1.101 GET test.lotgame.com/Shop/Detail?id=4
[运行时间：0.165010s] [吞吐率：6.06req/s] [内存消耗：3,149.95kb] [文件加载：57]
[ info ] [ LANG ] D:\mywork\lotgame\thinkphp\lang\zh-cn.php
[ info ] [ ROUTE ] array (
  'type' => 'module',
  'module' => 
  array (
    0 => 'front',
    1 => 'shop',
    2 => 'detail',
  ),
  'convert' => false,
)
[ info ] [ HEADER ] array (
  'host' => 'test.lotgame.com',
  'connection' => 'keep-alive',
  'accept' => 'application/json, text/javascript, */*; q=0.01',
  'x-requested-with' => 'XMLHttpRequest',
  'user-agent' => 'Mozilla/5.0 (Windows NT 6.1; Win64; x64) AppleWebKit/537.36 (KHTML, like Gecko) Chrome/73.0.3683.86 Safari/537.36',
  'referer' => 'http://test.lotgame.com/Shop/Detail?id=4',
  'accept-encoding' => 'gzip, deflate',
  'accept-language' => 'zh-CN,zh;q=0.9,en;q=0.8',
  'cookie' => 'PHPSESSID=qhk5re30o49dakvvjqqamirr07',
)
[ info ] [ PARAM ] array (
  'id' => '4',
)
[ info ] [ DB ] INIT mysql
[ info ] [ RUN ] app\front\controller\Shop->detail[ D:\mywork\lotgame\app\front\controller\Shop.php ]
[ info ] [ VIEW ] D:\mywork\lotgame\public/../app/front\view\shop\detail.html [ array (
  0 => 'controller',
  1 => 'title',
  2 => 'prize',
  3 => 'cates',
) ]
[ info ] [ LOG ] INIT File
[ sql ] [ DB ] CONNECT:[ UseTime:0.002000s ] mysql:host=127.0.0.1;port=3306;dbname=tplay;charset=utf8
[ sql ] [ SQL ] SHOW COLUMNS FROM `hov_prize` [ RunTime:0.016001s ]
[ sql ] [ SQL ] SELECT * FROM `hov_prize` WHERE  (  id=4 ) LIMIT 1 [ RunTime:0.002000s ]
[ sql ] [ SQL ] SHOW COLUMNS FROM `hov_prize_cate` [ RunTime:0.019002s ]
[ sql ] [ SQL ] SELECT `id`,`name`,`pid` FROM `hov_prize_cate` WHERE  (  pid=0 ) [ RunTime:0.001000s ]
[ sql ] [ SQL ] SELECT `id`,`name`,`pid` FROM `hov_prize_cate` WHERE  (  pid=8 ) [ RunTime:0.001000s ]
[ sql ] [ SQL ] SELECT `id`,`name`,`pid` FROM `hov_prize_cate` WHERE  (  pid=10 ) [ RunTime:0.001000s ]
[ sql ] [ SQL ] SELECT `id`,`name`,`pid` FROM `hov_prize_cate` WHERE  (  pid=9 ) [ RunTime:0.001000s ]
[ sql ] [ SQL ] SELECT `id`,`name`,`pid` FROM `hov_prize_cate` WHERE  (  pid=11 ) [ RunTime:0.001000s ]
[ sql ] [ SQL ] SELECT `id`,`name`,`pid` FROM `hov_prize_cate` WHERE  (  pid=13 ) [ RunTime:0.001000s ]
[ sql ] [ SQL ] SHOW COLUMNS FROM `hov_attachment` [ RunTime:0.015001s ]
[ sql ] [ SQL ] SELECT * FROM `hov_attachment` WHERE  `id` = 11 LIMIT 1 [ RunTime:0.001000s ]
---------------------------------------------------------------
[ 2019-03-28T23:01:30+08:00 ] 192.168.1.101 GET test.lotgame.com/admin/prize/index.shtml
[运行时间：0.271016s] [吞吐率：3.69req/s] [内存消耗：3,497.37kb] [文件加载：62]
[ info ] [ LANG ] D:\mywork\lotgame\thinkphp\lang\zh-cn.php
[ info ] [ ROUTE ] array (
  'type' => 'module',
  'module' => 
  array (
    0 => 'admin',
    1 => 'prize',
    2 => 'index',
  ),
)
[ info ] [ HEADER ] array (
  'host' => 'test.lotgame.com',
  'connection' => 'keep-alive',
  'upgrade-insecure-requests' => '1',
  'user-agent' => 'Mozilla/5.0 (Windows NT 6.1; Win64; x64) AppleWebKit/537.36 (KHTML, like Gecko) Chrome/73.0.3683.86 Safari/537.36',
  'accept' => 'text/html,application/xhtml+xml,application/xml;q=0.9,image/webp,image/apng,*/*;q=0.8,application/signed-exchange;v=b3',
  'referer' => 'http://test.lotgame.com/admin/index/index.shtml',
  'accept-encoding' => 'gzip, deflate',
  'accept-language' => 'zh-CN,zh;q=0.9,en;q=0.8',
  'cookie' => 'PHPSESSID=qhk5re30o49dakvvjqqamirr07',
)
[ info ] [ PARAM ] array (
)
[ info ] [ DB ] INIT mysql
[ info ] [ SESSION ] INIT array (
  'id' => '',
  'var_session_id' => '',
  'prefix' => 'think',
  'use_trans_sid' => 1,
  'path' => 'D:\\mywork\\lotgame\\public./../runtime/session/',
  'type' => '',
  'auto_start' => true,
)
[ info ] [ RUN ] app\admin\controller\Prize->index[ D:\mywork\lotgame\app\admin\controller\Prize.php ]
[ info ] [ VIEW ] D:\mywork\lotgame\public/../app/admin\view\prize\index.html [ array (
  0 => 'prizes',
  1 => 'info',
) ]
[ info ] [ LOG ] INIT File
[ sql ] [ DB ] CONNECT:[ UseTime:0.002000s ] mysql:host=127.0.0.1;port=3306;dbname=tplay;charset=utf8
[ sql ] [ SQL ] SHOW COLUMNS FROM `hov_webconfig` [ RunTime:0.023002s ]
[ sql ] [ SQL ] SELECT `black_ip` FROM `hov_webconfig` WHERE  `id` = 101 LIMIT 1 [ RunTime:0.000000s ]
[ sql ] [ SQL ] SHOW COLUMNS FROM `hov_admin_cate` [ RunTime:0.022001s ]
[ sql ] [ SQL ] SELECT `permissions` FROM `hov_admin_cate` WHERE  `id` = 1 LIMIT 1 [ RunTime:0.001000s ]
[ sql ] [ SQL ] SHOW COLUMNS FROM `hov_admin_menu` [ RunTime:0.018001s ]
[ sql ] [ SQL ] SELECT * FROM `hov_admin_menu` WHERE  `module` = 'admin'  AND `controller` = 'Prize'  AND `function` = 'index'  AND `type` = 1  AND `parameter` = 'prize=' LIMIT 1 [ RunTime:0.002001s ]
[ sql ] [ SQL ] SELECT * FROM `hov_admin_menu` WHERE  `module` = 'admin'  AND `controller` = 'Prize'  AND `function` = 'index'  AND `type` = 1 LIMIT 1 [ RunTime:0.001000s ]
[ sql ] [ SQL ] SHOW COLUMNS FROM `hov_prize` [ RunTime:0.015001s ]
[ sql ] [ SQL ] SELECT COUNT(*) AS tp_count FROM `hov_prize` LIMIT 1 [ RunTime:0.001000s ]
[ sql ] [ SQL ] SELECT * FROM `hov_prize` ORDER BY `create_time` DESC LIMIT 0,20 [ RunTime:0.001000s ]
[ sql ] [ SQL ] SHOW COLUMNS FROM `hov_prize_cate` [ RunTime:0.016001s ]
[ sql ] [ SQL ] SELECT * FROM `hov_prize_cate` [ RunTime:0.000000s ]
[ sql ] [ SQL ] SELECT * FROM `hov_prize_cate` WHERE  `id` = 10 LIMIT 1 [ RunTime:0.001000s ]
[ sql ] [ SQL ] SELECT * FROM `hov_prize_cate` WHERE  `id` = 10 LIMIT 1 [ RunTime:0.001000s ]
[ sql ] [ SQL ] SELECT * FROM `hov_prize_cate` WHERE  `id` = 10 LIMIT 1 [ RunTime:0.000000s ]
[ sql ] [ SQL ] SELECT * FROM `hov_prize_cate` WHERE  `id` = 10 LIMIT 1 [ RunTime:0.000000s ]
[ sql ] [ SQL ] SELECT * FROM `hov_prize_cate` WHERE  `id` = 11 LIMIT 1 [ RunTime:0.001000s ]
[ sql ] [ SQL ] SELECT * FROM `hov_prize_cate` WHERE  `id` = 10 LIMIT 1 [ RunTime:0.001000s ]
[ sql ] [ SQL ] SELECT * FROM `hov_prize_cate` WHERE  `id` = 10 LIMIT 1 [ RunTime:0.000000s ]
---------------------------------------------------------------
[ 2019-03-28T23:01:38+08:00 ] 192.168.1.101 GET test.lotgame.com/Shop/Detail?id=4
[运行时间：0.165009s] [吞吐率：6.06req/s] [内存消耗：3,150.01kb] [文件加载：57]
[ info ] [ LANG ] D:\mywork\lotgame\thinkphp\lang\zh-cn.php
[ info ] [ ROUTE ] array (
  'type' => 'module',
  'module' => 
  array (
    0 => 'front',
    1 => 'shop',
    2 => 'detail',
  ),
  'convert' => false,
)
[ info ] [ HEADER ] array (
  'host' => 'test.lotgame.com',
  'connection' => 'keep-alive',
  'accept' => 'application/json, text/javascript, */*; q=0.01',
  'x-requested-with' => 'XMLHttpRequest',
  'user-agent' => 'Mozilla/5.0 (Windows NT 6.1; Win64; x64) AppleWebKit/537.36 (KHTML, like Gecko) Chrome/73.0.3683.86 Safari/537.36',
  'referer' => 'http://test.lotgame.com/Shop/Detail?id=4',
  'accept-encoding' => 'gzip, deflate',
  'accept-language' => 'zh-CN,zh;q=0.9,en;q=0.8',
  'cookie' => 'PHPSESSID=qhk5re30o49dakvvjqqamirr07',
)
[ info ] [ PARAM ] array (
  'id' => '4',
)
[ info ] [ DB ] INIT mysql
[ info ] [ RUN ] app\front\controller\Shop->detail[ D:\mywork\lotgame\app\front\controller\Shop.php ]
[ info ] [ VIEW ] D:\mywork\lotgame\public/../app/front\view\shop\detail.html [ array (
  0 => 'controller',
  1 => 'title',
  2 => 'prize',
  3 => 'cates',
) ]
[ info ] [ LOG ] INIT File
[ sql ] [ DB ] CONNECT:[ UseTime:0.002000s ] mysql:host=127.0.0.1;port=3306;dbname=tplay;charset=utf8
[ sql ] [ SQL ] SHOW COLUMNS FROM `hov_prize` [ RunTime:0.020001s ]
[ sql ] [ SQL ] SELECT * FROM `hov_prize` WHERE  (  id=4 ) LIMIT 1 [ RunTime:0.001000s ]
[ sql ] [ SQL ] SHOW COLUMNS FROM `hov_prize_cate` [ RunTime:0.016000s ]
[ sql ] [ SQL ] SELECT `id`,`name`,`pid` FROM `hov_prize_cate` WHERE  (  pid=0 ) [ RunTime:0.001000s ]
[ sql ] [ SQL ] SELECT `id`,`name`,`pid` FROM `hov_prize_cate` WHERE  (  pid=8 ) [ RunTime:0.001000s ]
[ sql ] [ SQL ] SELECT `id`,`name`,`pid` FROM `hov_prize_cate` WHERE  (  pid=10 ) [ RunTime:0.001000s ]
[ sql ] [ SQL ] SELECT `id`,`name`,`pid` FROM `hov_prize_cate` WHERE  (  pid=9 ) [ RunTime:0.001000s ]
[ sql ] [ SQL ] SELECT `id`,`name`,`pid` FROM `hov_prize_cate` WHERE  (  pid=11 ) [ RunTime:0.000000s ]
[ sql ] [ SQL ] SELECT `id`,`name`,`pid` FROM `hov_prize_cate` WHERE  (  pid=13 ) [ RunTime:0.000000s ]
[ sql ] [ SQL ] SHOW COLUMNS FROM `hov_attachment` [ RunTime:0.021002s ]
[ sql ] [ SQL ] SELECT * FROM `hov_attachment` WHERE  `id` = 11 LIMIT 1 [ RunTime:0.002000s ]
---------------------------------------------------------------
[ 2019-03-28T23:01:48+08:00 ] 192.168.1.101 GET test.lotgame.com/Shop/Detail?id=4
[运行时间：0.175010s] [吞吐率：5.71req/s] [内存消耗：3,150.01kb] [文件加载：57]
[ info ] [ LANG ] D:\mywork\lotgame\thinkphp\lang\zh-cn.php
[ info ] [ ROUTE ] array (
  'type' => 'module',
  'module' => 
  array (
    0 => 'front',
    1 => 'shop',
    2 => 'detail',
  ),
  'convert' => false,
)
[ info ] [ HEADER ] array (
  'host' => 'test.lotgame.com',
  'connection' => 'keep-alive',
  'accept' => 'application/json, text/javascript, */*; q=0.01',
  'x-requested-with' => 'XMLHttpRequest',
  'user-agent' => 'Mozilla/5.0 (Windows NT 6.1; Win64; x64) AppleWebKit/537.36 (KHTML, like Gecko) Chrome/73.0.3683.86 Safari/537.36',
  'referer' => 'http://test.lotgame.com/Shop/Detail?id=4',
  'accept-encoding' => 'gzip, deflate',
  'accept-language' => 'zh-CN,zh;q=0.9,en;q=0.8',
  'cookie' => 'PHPSESSID=qhk5re30o49dakvvjqqamirr07',
)
[ info ] [ PARAM ] array (
  'id' => '4',
)
[ info ] [ DB ] INIT mysql
[ info ] [ RUN ] app\front\controller\Shop->detail[ D:\mywork\lotgame\app\front\controller\Shop.php ]
[ info ] [ VIEW ] D:\mywork\lotgame\public/../app/front\view\shop\detail.html [ array (
  0 => 'controller',
  1 => 'title',
  2 => 'prize',
  3 => 'cates',
) ]
[ info ] [ LOG ] INIT File
[ sql ] [ DB ] CONNECT:[ UseTime:0.002000s ] mysql:host=127.0.0.1;port=3306;dbname=tplay;charset=utf8
[ sql ] [ SQL ] SHOW COLUMNS FROM `hov_prize` [ RunTime:0.023001s ]
[ sql ] [ SQL ] SELECT * FROM `hov_prize` WHERE  (  id=4 ) LIMIT 1 [ RunTime:0.001000s ]
[ sql ] [ SQL ] SHOW COLUMNS FROM `hov_prize_cate` [ RunTime:0.022002s ]
[ sql ] [ SQL ] SELECT `id`,`name`,`pid` FROM `hov_prize_cate` WHERE  (  pid=0 ) [ RunTime:0.001000s ]
[ sql ] [ SQL ] SELECT `id`,`name`,`pid` FROM `hov_prize_cate` WHERE  (  pid=8 ) [ RunTime:0.001000s ]
[ sql ] [ SQL ] SELECT `id`,`name`,`pid` FROM `hov_prize_cate` WHERE  (  pid=10 ) [ RunTime:0.000000s ]
[ sql ] [ SQL ] SELECT `id`,`name`,`pid` FROM `hov_prize_cate` WHERE  (  pid=9 ) [ RunTime:0.000000s ]
[ sql ] [ SQL ] SELECT `id`,`name`,`pid` FROM `hov_prize_cate` WHERE  (  pid=11 ) [ RunTime:0.001000s ]
[ sql ] [ SQL ] SELECT `id`,`name`,`pid` FROM `hov_prize_cate` WHERE  (  pid=13 ) [ RunTime:0.001000s ]
[ sql ] [ SQL ] SHOW COLUMNS FROM `hov_attachment` [ RunTime:0.018001s ]
[ sql ] [ SQL ] SELECT * FROM `hov_attachment` WHERE  `id` = 11 LIMIT 1 [ RunTime:0.001000s ]
---------------------------------------------------------------
[ 2019-03-28T23:01:58+08:00 ] 192.168.1.101 GET test.lotgame.com/Shop/Detail?id=4
[运行时间：0.166009s] [吞吐率：6.02req/s] [内存消耗：3,150.01kb] [文件加载：57]
[ info ] [ LANG ] D:\mywork\lotgame\thinkphp\lang\zh-cn.php
[ info ] [ ROUTE ] array (
  'type' => 'module',
  'module' => 
  array (
    0 => 'front',
    1 => 'shop',
    2 => 'detail',
  ),
  'convert' => false,
)
[ info ] [ HEADER ] array (
  'host' => 'test.lotgame.com',
  'connection' => 'keep-alive',
  'accept' => 'application/json, text/javascript, */*; q=0.01',
  'x-requested-with' => 'XMLHttpRequest',
  'user-agent' => 'Mozilla/5.0 (Windows NT 6.1; Win64; x64) AppleWebKit/537.36 (KHTML, like Gecko) Chrome/73.0.3683.86 Safari/537.36',
  'referer' => 'http://test.lotgame.com/Shop/Detail?id=4',
  'accept-encoding' => 'gzip, deflate',
  'accept-language' => 'zh-CN,zh;q=0.9,en;q=0.8',
  'cookie' => 'PHPSESSID=qhk5re30o49dakvvjqqamirr07',
)
[ info ] [ PARAM ] array (
  'id' => '4',
)
[ info ] [ DB ] INIT mysql
[ info ] [ RUN ] app\front\controller\Shop->detail[ D:\mywork\lotgame\app\front\controller\Shop.php ]
[ info ] [ VIEW ] D:\mywork\lotgame\public/../app/front\view\shop\detail.html [ array (
  0 => 'controller',
  1 => 'title',
  2 => 'prize',
  3 => 'cates',
) ]
[ info ] [ LOG ] INIT File
[ sql ] [ DB ] CONNECT:[ UseTime:0.011000s ] mysql:host=127.0.0.1;port=3306;dbname=tplay;charset=utf8
[ sql ] [ SQL ] SHOW COLUMNS FROM `hov_prize` [ RunTime:0.017001s ]
[ sql ] [ SQL ] SELECT * FROM `hov_prize` WHERE  (  id=4 ) LIMIT 1 [ RunTime:0.001001s ]
[ sql ] [ SQL ] SHOW COLUMNS FROM `hov_prize_cate` [ RunTime:0.016000s ]
[ sql ] [ SQL ] SELECT `id`,`name`,`pid` FROM `hov_prize_cate` WHERE  (  pid=0 ) [ RunTime:0.001001s ]
[ sql ] [ SQL ] SELECT `id`,`name`,`pid` FROM `hov_prize_cate` WHERE  (  pid=8 ) [ RunTime:0.001000s ]
[ sql ] [ SQL ] SELECT `id`,`name`,`pid` FROM `hov_prize_cate` WHERE  (  pid=10 ) [ RunTime:0.001000s ]
[ sql ] [ SQL ] SELECT `id`,`name`,`pid` FROM `hov_prize_cate` WHERE  (  pid=9 ) [ RunTime:0.001000s ]
[ sql ] [ SQL ] SELECT `id`,`name`,`pid` FROM `hov_prize_cate` WHERE  (  pid=11 ) [ RunTime:0.001000s ]
[ sql ] [ SQL ] SELECT `id`,`name`,`pid` FROM `hov_prize_cate` WHERE  (  pid=13 ) [ RunTime:0.001000s ]
[ sql ] [ SQL ] SHOW COLUMNS FROM `hov_attachment` [ RunTime:0.016001s ]
[ sql ] [ SQL ] SELECT * FROM `hov_attachment` WHERE  `id` = 11 LIMIT 1 [ RunTime:0.001000s ]
---------------------------------------------------------------
[ 2019-03-28T23:02:08+08:00 ] 192.168.1.101 GET test.lotgame.com/Shop/Detail?id=4
[运行时间：0.168010s] [吞吐率：5.95req/s] [内存消耗：3,150.01kb] [文件加载：57]
[ info ] [ LANG ] D:\mywork\lotgame\thinkphp\lang\zh-cn.php
[ info ] [ ROUTE ] array (
  'type' => 'module',
  'module' => 
  array (
    0 => 'front',
    1 => 'shop',
    2 => 'detail',
  ),
  'convert' => false,
)
[ info ] [ HEADER ] array (
  'host' => 'test.lotgame.com',
  'connection' => 'keep-alive',
  'accept' => 'application/json, text/javascript, */*; q=0.01',
  'x-requested-with' => 'XMLHttpRequest',
  'user-agent' => 'Mozilla/5.0 (Windows NT 6.1; Win64; x64) AppleWebKit/537.36 (KHTML, like Gecko) Chrome/73.0.3683.86 Safari/537.36',
  'referer' => 'http://test.lotgame.com/Shop/Detail?id=4',
  'accept-encoding' => 'gzip, deflate',
  'accept-language' => 'zh-CN,zh;q=0.9,en;q=0.8',
  'cookie' => 'PHPSESSID=qhk5re30o49dakvvjqqamirr07',
)
[ info ] [ PARAM ] array (
  'id' => '4',
)
[ info ] [ DB ] INIT mysql
[ info ] [ RUN ] app\front\controller\Shop->detail[ D:\mywork\lotgame\app\front\controller\Shop.php ]
[ info ] [ VIEW ] D:\mywork\lotgame\public/../app/front\view\shop\detail.html [ array (
  0 => 'controller',
  1 => 'title',
  2 => 'prize',
  3 => 'cates',
) ]
[ info ] [ LOG ] INIT File
[ sql ] [ DB ] CONNECT:[ UseTime:0.011001s ] mysql:host=127.0.0.1;port=3306;dbname=tplay;charset=utf8
[ sql ] [ SQL ] SHOW COLUMNS FROM `hov_prize` [ RunTime:0.022001s ]
[ sql ] [ SQL ] SELECT * FROM `hov_prize` WHERE  (  id=4 ) LIMIT 1 [ RunTime:0.001000s ]
[ sql ] [ SQL ] SHOW COLUMNS FROM `hov_prize_cate` [ RunTime:0.017001s ]
[ sql ] [ SQL ] SELECT `id`,`name`,`pid` FROM `hov_prize_cate` WHERE  (  pid=0 ) [ RunTime:0.001000s ]
[ sql ] [ SQL ] SELECT `id`,`name`,`pid` FROM `hov_prize_cate` WHERE  (  pid=8 ) [ RunTime:0.000000s ]
[ sql ] [ SQL ] SELECT `id`,`name`,`pid` FROM `hov_prize_cate` WHERE  (  pid=10 ) [ RunTime:0.001000s ]
[ sql ] [ SQL ] SELECT `id`,`name`,`pid` FROM `hov_prize_cate` WHERE  (  pid=9 ) [ RunTime:0.001000s ]
[ sql ] [ SQL ] SELECT `id`,`name`,`pid` FROM `hov_prize_cate` WHERE  (  pid=11 ) [ RunTime:0.001000s ]
[ sql ] [ SQL ] SELECT `id`,`name`,`pid` FROM `hov_prize_cate` WHERE  (  pid=13 ) [ RunTime:0.001000s ]
[ sql ] [ SQL ] SHOW COLUMNS FROM `hov_attachment` [ RunTime:0.018001s ]
[ sql ] [ SQL ] SELECT * FROM `hov_attachment` WHERE  `id` = 11 LIMIT 1 [ RunTime:0.001000s ]
---------------------------------------------------------------
[ 2019-03-28T23:02:18+08:00 ] 192.168.1.101 GET test.lotgame.com/Shop/Detail?id=4
[运行时间：0.346020s] [吞吐率：2.89req/s] [内存消耗：3,150.01kb] [文件加载：57]
[ info ] [ LANG ] D:\mywork\lotgame\thinkphp\lang\zh-cn.php
[ info ] [ ROUTE ] array (
  'type' => 'module',
  'module' => 
  array (
    0 => 'front',
    1 => 'shop',
    2 => 'detail',
  ),
  'convert' => false,
)
[ info ] [ HEADER ] array (
  'host' => 'test.lotgame.com',
  'connection' => 'keep-alive',
  'accept' => 'application/json, text/javascript, */*; q=0.01',
  'x-requested-with' => 'XMLHttpRequest',
  'user-agent' => 'Mozilla/5.0 (Windows NT 6.1; Win64; x64) AppleWebKit/537.36 (KHTML, like Gecko) Chrome/73.0.3683.86 Safari/537.36',
  'referer' => 'http://test.lotgame.com/Shop/Detail?id=4',
  'accept-encoding' => 'gzip, deflate',
  'accept-language' => 'zh-CN,zh;q=0.9,en;q=0.8',
  'cookie' => 'PHPSESSID=qhk5re30o49dakvvjqqamirr07',
)
[ info ] [ PARAM ] array (
  'id' => '4',
)
[ info ] [ DB ] INIT mysql
[ info ] [ RUN ] app\front\controller\Shop->detail[ D:\mywork\lotgame\app\front\controller\Shop.php ]
[ info ] [ VIEW ] D:\mywork\lotgame\public/../app/front\view\shop\detail.html [ array (
  0 => 'controller',
  1 => 'title',
  2 => 'prize',
  3 => 'cates',
) ]
[ info ] [ LOG ] INIT File
[ sql ] [ DB ] CONNECT:[ UseTime:0.002000s ] mysql:host=127.0.0.1;port=3306;dbname=tplay;charset=utf8
[ sql ] [ SQL ] SHOW COLUMNS FROM `hov_prize` [ RunTime:0.165010s ]
[ sql ] [ SQL ] SELECT * FROM `hov_prize` WHERE  (  id=4 ) LIMIT 1 [ RunTime:0.002000s ]
[ sql ] [ SQL ] SHOW COLUMNS FROM `hov_prize_cate` [ RunTime:0.031002s ]
[ sql ] [ SQL ] SELECT `id`,`name`,`pid` FROM `hov_prize_cate` WHERE  (  pid=0 ) [ RunTime:0.001000s ]
[ sql ] [ SQL ] SELECT `id`,`name`,`pid` FROM `hov_prize_cate` WHERE  (  pid=8 ) [ RunTime:0.001000s ]
[ sql ] [ SQL ] SELECT `id`,`name`,`pid` FROM `hov_prize_cate` WHERE  (  pid=10 ) [ RunTime:0.001000s ]
[ sql ] [ SQL ] SELECT `id`,`name`,`pid` FROM `hov_prize_cate` WHERE  (  pid=9 ) [ RunTime:0.001000s ]
[ sql ] [ SQL ] SELECT `id`,`name`,`pid` FROM `hov_prize_cate` WHERE  (  pid=11 ) [ RunTime:0.001000s ]
[ sql ] [ SQL ] SELECT `id`,`name`,`pid` FROM `hov_prize_cate` WHERE  (  pid=13 ) [ RunTime:0.002000s ]
[ sql ] [ SQL ] SHOW COLUMNS FROM `hov_attachment` [ RunTime:0.026001s ]
[ sql ] [ SQL ] SELECT * FROM `hov_attachment` WHERE  `id` = 11 LIMIT 1 [ RunTime:0.001000s ]
---------------------------------------------------------------
[ 2019-03-28T23:02:28+08:00 ] 192.168.1.101 GET test.lotgame.com/Shop/Detail?id=4
[运行时间：0.157009s] [吞吐率：6.37req/s] [内存消耗：3,150.01kb] [文件加载：57]
[ info ] [ LANG ] D:\mywork\lotgame\thinkphp\lang\zh-cn.php
[ info ] [ ROUTE ] array (
  'type' => 'module',
  'module' => 
  array (
    0 => 'front',
    1 => 'shop',
    2 => 'detail',
  ),
  'convert' => false,
)
[ info ] [ HEADER ] array (
  'host' => 'test.lotgame.com',
  'connection' => 'keep-alive',
  'accept' => 'application/json, text/javascript, */*; q=0.01',
  'x-requested-with' => 'XMLHttpRequest',
  'user-agent' => 'Mozilla/5.0 (Windows NT 6.1; Win64; x64) AppleWebKit/537.36 (KHTML, like Gecko) Chrome/73.0.3683.86 Safari/537.36',
  'referer' => 'http://test.lotgame.com/Shop/Detail?id=4',
  'accept-encoding' => 'gzip, deflate',
  'accept-language' => 'zh-CN,zh;q=0.9,en;q=0.8',
  'cookie' => 'PHPSESSID=qhk5re30o49dakvvjqqamirr07',
)
[ info ] [ PARAM ] array (
  'id' => '4',
)
[ info ] [ DB ] INIT mysql
[ info ] [ RUN ] app\front\controller\Shop->detail[ D:\mywork\lotgame\app\front\controller\Shop.php ]
[ info ] [ VIEW ] D:\mywork\lotgame\public/../app/front\view\shop\detail.html [ array (
  0 => 'controller',
  1 => 'title',
  2 => 'prize',
  3 => 'cates',
) ]
[ info ] [ LOG ] INIT File
[ sql ] [ DB ] CONNECT:[ UseTime:0.002000s ] mysql:host=127.0.0.1;port=3306;dbname=tplay;charset=utf8
[ sql ] [ SQL ] SHOW COLUMNS FROM `hov_prize` [ RunTime:0.017001s ]
[ sql ] [ SQL ] SELECT * FROM `hov_prize` WHERE  (  id=4 ) LIMIT 1 [ RunTime:0.001000s ]
[ sql ] [ SQL ] SHOW COLUMNS FROM `hov_prize_cate` [ RunTime:0.016001s ]
[ sql ] [ SQL ] SELECT `id`,`name`,`pid` FROM `hov_prize_cate` WHERE  (  pid=0 ) [ RunTime:0.002000s ]
[ sql ] [ SQL ] SELECT `id`,`name`,`pid` FROM `hov_prize_cate` WHERE  (  pid=8 ) [ RunTime:0.001000s ]
[ sql ] [ SQL ] SELECT `id`,`name`,`pid` FROM `hov_prize_cate` WHERE  (  pid=10 ) [ RunTime:0.001000s ]
[ sql ] [ SQL ] SELECT `id`,`name`,`pid` FROM `hov_prize_cate` WHERE  (  pid=9 ) [ RunTime:0.001000s ]
[ sql ] [ SQL ] SELECT `id`,`name`,`pid` FROM `hov_prize_cate` WHERE  (  pid=11 ) [ RunTime:0.001001s ]
[ sql ] [ SQL ] SELECT `id`,`name`,`pid` FROM `hov_prize_cate` WHERE  (  pid=13 ) [ RunTime:0.000000s ]
[ sql ] [ SQL ] SHOW COLUMNS FROM `hov_attachment` [ RunTime:0.016001s ]
[ sql ] [ SQL ] SELECT * FROM `hov_attachment` WHERE  `id` = 11 LIMIT 1 [ RunTime:0.001000s ]
---------------------------------------------------------------
[ 2019-03-28T23:02:38+08:00 ] 192.168.1.101 GET test.lotgame.com/Shop/Detail?id=4
[运行时间：0.186010s] [吞吐率：5.38req/s] [内存消耗：3,150.01kb] [文件加载：57]
[ info ] [ LANG ] D:\mywork\lotgame\thinkphp\lang\zh-cn.php
[ info ] [ ROUTE ] array (
  'type' => 'module',
  'module' => 
  array (
    0 => 'front',
    1 => 'shop',
    2 => 'detail',
  ),
  'convert' => false,
)
[ info ] [ HEADER ] array (
  'host' => 'test.lotgame.com',
  'connection' => 'keep-alive',
  'accept' => 'application/json, text/javascript, */*; q=0.01',
  'x-requested-with' => 'XMLHttpRequest',
  'user-agent' => 'Mozilla/5.0 (Windows NT 6.1; Win64; x64) AppleWebKit/537.36 (KHTML, like Gecko) Chrome/73.0.3683.86 Safari/537.36',
  'referer' => 'http://test.lotgame.com/Shop/Detail?id=4',
  'accept-encoding' => 'gzip, deflate',
  'accept-language' => 'zh-CN,zh;q=0.9,en;q=0.8',
  'cookie' => 'PHPSESSID=qhk5re30o49dakvvjqqamirr07',
)
[ info ] [ PARAM ] array (
  'id' => '4',
)
[ info ] [ DB ] INIT mysql
[ info ] [ RUN ] app\front\controller\Shop->detail[ D:\mywork\lotgame\app\front\controller\Shop.php ]
[ info ] [ VIEW ] D:\mywork\lotgame\public/../app/front\view\shop\detail.html [ array (
  0 => 'controller',
  1 => 'title',
  2 => 'prize',
  3 => 'cates',
) ]
[ info ] [ LOG ] INIT File
[ sql ] [ DB ] CONNECT:[ UseTime:0.011000s ] mysql:host=127.0.0.1;port=3306;dbname=tplay;charset=utf8
[ sql ] [ SQL ] SHOW COLUMNS FROM `hov_prize` [ RunTime:0.021002s ]
[ sql ] [ SQL ] SELECT * FROM `hov_prize` WHERE  (  id=4 ) LIMIT 1 [ RunTime:0.001000s ]
[ sql ] [ SQL ] SHOW COLUMNS FROM `hov_prize_cate` [ RunTime:0.023001s ]
[ sql ] [ SQL ] SELECT `id`,`name`,`pid` FROM `hov_prize_cate` WHERE  (  pid=0 ) [ RunTime:0.001000s ]
[ sql ] [ SQL ] SELECT `id`,`name`,`pid` FROM `hov_prize_cate` WHERE  (  pid=8 ) [ RunTime:0.001000s ]
[ sql ] [ SQL ] SELECT `id`,`name`,`pid` FROM `hov_prize_cate` WHERE  (  pid=10 ) [ RunTime:0.000000s ]
[ sql ] [ SQL ] SELECT `id`,`name`,`pid` FROM `hov_prize_cate` WHERE  (  pid=9 ) [ RunTime:0.001000s ]
[ sql ] [ SQL ] SELECT `id`,`name`,`pid` FROM `hov_prize_cate` WHERE  (  pid=11 ) [ RunTime:0.001000s ]
[ sql ] [ SQL ] SELECT `id`,`name`,`pid` FROM `hov_prize_cate` WHERE  (  pid=13 ) [ RunTime:0.001001s ]
[ sql ] [ SQL ] SHOW COLUMNS FROM `hov_attachment` [ RunTime:0.022001s ]
[ sql ] [ SQL ] SELECT * FROM `hov_attachment` WHERE  `id` = 11 LIMIT 1 [ RunTime:0.001000s ]
---------------------------------------------------------------
[ 2019-03-28T23:02:48+08:00 ] 192.168.1.101 GET test.lotgame.com/Shop/Detail?id=4
[运行时间：0.157009s] [吞吐率：6.37req/s] [内存消耗：3,150.01kb] [文件加载：57]
[ info ] [ LANG ] D:\mywork\lotgame\thinkphp\lang\zh-cn.php
[ info ] [ ROUTE ] array (
  'type' => 'module',
  'module' => 
  array (
    0 => 'front',
    1 => 'shop',
    2 => 'detail',
  ),
  'convert' => false,
)
[ info ] [ HEADER ] array (
  'host' => 'test.lotgame.com',
  'connection' => 'keep-alive',
  'accept' => 'application/json, text/javascript, */*; q=0.01',
  'x-requested-with' => 'XMLHttpRequest',
  'user-agent' => 'Mozilla/5.0 (Windows NT 6.1; Win64; x64) AppleWebKit/537.36 (KHTML, like Gecko) Chrome/73.0.3683.86 Safari/537.36',
  'referer' => 'http://test.lotgame.com/Shop/Detail?id=4',
  'accept-encoding' => 'gzip, deflate',
  'accept-language' => 'zh-CN,zh;q=0.9,en;q=0.8',
  'cookie' => 'PHPSESSID=qhk5re30o49dakvvjqqamirr07',
)
[ info ] [ PARAM ] array (
  'id' => '4',
)
[ info ] [ DB ] INIT mysql
[ info ] [ RUN ] app\front\controller\Shop->detail[ D:\mywork\lotgame\app\front\controller\Shop.php ]
[ info ] [ VIEW ] D:\mywork\lotgame\public/../app/front\view\shop\detail.html [ array (
  0 => 'controller',
  1 => 'title',
  2 => 'prize',
  3 => 'cates',
) ]
[ info ] [ LOG ] INIT File
[ sql ] [ DB ] CONNECT:[ UseTime:0.002000s ] mysql:host=127.0.0.1;port=3306;dbname=tplay;charset=utf8
[ sql ] [ SQL ] SHOW COLUMNS FROM `hov_prize` [ RunTime:0.015001s ]
[ sql ] [ SQL ] SELECT * FROM `hov_prize` WHERE  (  id=4 ) LIMIT 1 [ RunTime:0.002000s ]
[ sql ] [ SQL ] SHOW COLUMNS FROM `hov_prize_cate` [ RunTime:0.016001s ]
[ sql ] [ SQL ] SELECT `id`,`name`,`pid` FROM `hov_prize_cate` WHERE  (  pid=0 ) [ RunTime:0.001000s ]
[ sql ] [ SQL ] SELECT `id`,`name`,`pid` FROM `hov_prize_cate` WHERE  (  pid=8 ) [ RunTime:0.001000s ]
[ sql ] [ SQL ] SELECT `id`,`name`,`pid` FROM `hov_prize_cate` WHERE  (  pid=10 ) [ RunTime:0.000000s ]
[ sql ] [ SQL ] SELECT `id`,`name`,`pid` FROM `hov_prize_cate` WHERE  (  pid=9 ) [ RunTime:0.000000s ]
[ sql ] [ SQL ] SELECT `id`,`name`,`pid` FROM `hov_prize_cate` WHERE  (  pid=11 ) [ RunTime:0.000000s ]
[ sql ] [ SQL ] SELECT `id`,`name`,`pid` FROM `hov_prize_cate` WHERE  (  pid=13 ) [ RunTime:0.001000s ]
[ sql ] [ SQL ] SHOW COLUMNS FROM `hov_attachment` [ RunTime:0.017001s ]
[ sql ] [ SQL ] SELECT * FROM `hov_attachment` WHERE  `id` = 11 LIMIT 1 [ RunTime:0.001000s ]
---------------------------------------------------------------
[ 2019-03-28T23:02:58+08:00 ] 192.168.1.101 GET test.lotgame.com/Shop/Detail?id=4
[运行时间：0.161009s] [吞吐率：6.21req/s] [内存消耗：3,150.01kb] [文件加载：57]
[ info ] [ LANG ] D:\mywork\lotgame\thinkphp\lang\zh-cn.php
[ info ] [ ROUTE ] array (
  'type' => 'module',
  'module' => 
  array (
    0 => 'front',
    1 => 'shop',
    2 => 'detail',
  ),
  'convert' => false,
)
[ info ] [ HEADER ] array (
  'host' => 'test.lotgame.com',
  'connection' => 'keep-alive',
  'accept' => 'application/json, text/javascript, */*; q=0.01',
  'x-requested-with' => 'XMLHttpRequest',
  'user-agent' => 'Mozilla/5.0 (Windows NT 6.1; Win64; x64) AppleWebKit/537.36 (KHTML, like Gecko) Chrome/73.0.3683.86 Safari/537.36',
  'referer' => 'http://test.lotgame.com/Shop/Detail?id=4',
  'accept-encoding' => 'gzip, deflate',
  'accept-language' => 'zh-CN,zh;q=0.9,en;q=0.8',
  'cookie' => 'PHPSESSID=qhk5re30o49dakvvjqqamirr07',
)
[ info ] [ PARAM ] array (
  'id' => '4',
)
[ info ] [ DB ] INIT mysql
[ info ] [ RUN ] app\front\controller\Shop->detail[ D:\mywork\lotgame\app\front\controller\Shop.php ]
[ info ] [ VIEW ] D:\mywork\lotgame\public/../app/front\view\shop\detail.html [ array (
  0 => 'controller',
  1 => 'title',
  2 => 'prize',
  3 => 'cates',
) ]
[ info ] [ LOG ] INIT File
[ sql ] [ DB ] CONNECT:[ UseTime:0.011001s ] mysql:host=127.0.0.1;port=3306;dbname=tplay;charset=utf8
[ sql ] [ SQL ] SHOW COLUMNS FROM `hov_prize` [ RunTime:0.016001s ]
[ sql ] [ SQL ] SELECT * FROM `hov_prize` WHERE  (  id=4 ) LIMIT 1 [ RunTime:0.001000s ]
[ sql ] [ SQL ] SHOW COLUMNS FROM `hov_prize_cate` [ RunTime:0.017001s ]
[ sql ] [ SQL ] SELECT `id`,`name`,`pid` FROM `hov_prize_cate` WHERE  (  pid=0 ) [ RunTime:0.001000s ]
[ sql ] [ SQL ] SELECT `id`,`name`,`pid` FROM `hov_prize_cate` WHERE  (  pid=8 ) [ RunTime:0.001000s ]
[ sql ] [ SQL ] SELECT `id`,`name`,`pid` FROM `hov_prize_cate` WHERE  (  pid=10 ) [ RunTime:0.001000s ]
[ sql ] [ SQL ] SELECT `id`,`name`,`pid` FROM `hov_prize_cate` WHERE  (  pid=9 ) [ RunTime:0.001000s ]
[ sql ] [ SQL ] SELECT `id`,`name`,`pid` FROM `hov_prize_cate` WHERE  (  pid=11 ) [ RunTime:0.001000s ]
[ sql ] [ SQL ] SELECT `id`,`name`,`pid` FROM `hov_prize_cate` WHERE  (  pid=13 ) [ RunTime:0.001000s ]
[ sql ] [ SQL ] SHOW COLUMNS FROM `hov_attachment` [ RunTime:0.016001s ]
[ sql ] [ SQL ] SELECT * FROM `hov_attachment` WHERE  `id` = 11 LIMIT 1 [ RunTime:0.001000s ]
